/usr/local/lib/python3.12/site-packages/torch/cuda/__init__.py:63: FutureWarning: The pynvml package is deprecated. Please install nvidia-ml-py instead. If you did not install pynvml directly, please report this to the maintainers of the package that installed pynvml for you.
  import pynvml  # type: ignore[import]
Traceback (most recent call last):
  File "<stdin>", line 8, in <module>
  File "/workspace/run/ComfyUI/nodes.py", line 24, in <module>
    import comfy.diffusers_load
  File "/workspace/run/ComfyUI/comfy/diffusers_load.py", line 3, in <module>
    import comfy.sd
  File "/workspace/run/ComfyUI/comfy/sd.py", line 7, in <module>
    from comfy import model_management
  File "/workspace/run/ComfyUI/comfy/model_management.py", line 238, in <module>
    total_vram = get_total_memory(get_torch_device()) / (1024 * 1024)
                                  ^^^^^^^^^^^^^^^^^^
  File "/workspace/run/ComfyUI/comfy/model_management.py", line 188, in get_torch_device
    return torch.device(torch.cuda.current_device())
                        ^^^^^^^^^^^^^^^^^^^^^^^^^^^
  File "/usr/local/lib/python3.12/site-packages/torch/cuda/__init__.py", line 1069, in current_device
    _lazy_init()
  File "/usr/local/lib/python3.12/site-packages/torch/cuda/__init__.py", line 410, in _lazy_init
    torch._C._cuda_init()
RuntimeError: Found no NVIDIA driver on your system. Please check that you have an NVIDIA GPU and installed a driver from http://www.nvidia.com/Download/index.aspx
