Collecting comfyui-frontend-package==1.36.14 (from -r /tmp/requirements.noaudio.txt (line 1))
  Downloading comfyui_frontend_package-1.36.14-py3-none-any.whl.metadata (118 bytes)
Collecting comfyui-workflow-templates==0.8.4 (from -r /tmp/requirements.noaudio.txt (line 2))
  Downloading comfyui_workflow_templates-0.8.4-py3-none-any.whl.metadata (18 kB)
Collecting comfyui-embedded-docs==0.4.0 (from -r /tmp/requirements.noaudio.txt (line 3))
  Downloading comfyui_embedded_docs-0.4.0-py3-none-any.whl.metadata (2.9 kB)
Collecting torch (from -r /tmp/requirements.noaudio.txt (line 4))
  Downloading torch-2.9.1-cp312-cp312-manylinux_2_28_x86_64.whl.metadata (30 kB)
Collecting torchsde (from -r /tmp/requirements.noaudio.txt (line 5))
  Downloading torchsde-0.2.6-py3-none-any.whl.metadata (5.3 kB)
Collecting torchvision (from -r /tmp/requirements.noaudio.txt (line 6))
  Downloading torchvision-0.24.1-cp312-cp312-manylinux_2_28_x86_64.whl.metadata (5.9 kB)
Collecting numpy>=1.25.0 (from -r /tmp/requirements.noaudio.txt (line 7))
  Downloading numpy-2.2.6-cp312-cp312-manylinux_2_17_x86_64.manylinux2014_x86_64.whl.metadata (62 kB)
Collecting einops (from -r /tmp/requirements.noaudio.txt (line 8))
  Downloading einops-0.8.1-py3-none-any.whl.metadata (13 kB)
Collecting transformers>=4.50.3 (from -r /tmp/requirements.noaudio.txt (line 9))
  Downloading transformers-4.57.6-py3-none-any.whl.metadata (43 kB)
Collecting tokenizers>=0.13.3 (from -r /tmp/requirements.noaudio.txt (line 10))
  Downloading tokenizers-0.22.2-cp39-abi3-manylinux_2_17_x86_64.manylinux2014_x86_64.whl.metadata (7.3 kB)
Collecting sentencepiece (from -r /tmp/requirements.noaudio.txt (line 11))
  Downloading sentencepiece-0.2.1-cp312-cp312-manylinux_2_27_x86_64.manylinux_2_28_x86_64.whl.metadata (10 kB)
Collecting safetensors>=0.4.2 (from -r /tmp/requirements.noaudio.txt (line 12))
  Downloading safetensors-0.7.0-cp38-abi3-manylinux_2_17_x86_64.manylinux2014_x86_64.whl.metadata (4.1 kB)
Collecting aiohttp>=3.11.8 (from -r /tmp/requirements.noaudio.txt (line 13))
  Downloading aiohttp-3.13.3-cp312-cp312-manylinux2014_x86_64.manylinux_2_17_x86_64.manylinux_2_28_x86_64.whl.metadata (8.1 kB)
Collecting yarl>=1.18.0 (from -r /tmp/requirements.noaudio.txt (line 14))
  Downloading yarl-1.22.0-cp312-cp312-manylinux2014_x86_64.manylinux_2_17_x86_64.manylinux_2_28_x86_64.whl.metadata (75 kB)
Collecting pyyaml (from -r /tmp/requirements.noaudio.txt (line 15))
  Downloading pyyaml-6.0.3-cp312-cp312-manylinux2014_x86_64.manylinux_2_17_x86_64.manylinux_2_28_x86_64.whl.metadata (2.4 kB)
Collecting Pillow (from -r /tmp/requirements.noaudio.txt (line 16))
  Downloading pillow-12.1.0-cp312-cp312-manylinux_2_27_x86_64.manylinux_2_28_x86_64.whl.metadata (8.8 kB)
Collecting scipy (from -r /tmp/requirements.noaudio.txt (line 17))
  Downloading scipy-1.17.0-cp312-cp312-manylinux_2_27_x86_64.manylinux_2_28_x86_64.whl.metadata (62 kB)
Collecting tqdm (from -r /tmp/requirements.noaudio.txt (line 18))
  Downloading tqdm-4.67.1-py3-none-any.whl.metadata (57 kB)
Collecting psutil (from -r /tmp/requirements.noaudio.txt (line 19))
  Downloading psutil-7.2.1-cp36-abi3-manylinux2010_x86_64.manylinux_2_12_x86_64.manylinux_2_28_x86_64.whl.metadata (22 kB)
Collecting alembic (from -r /tmp/requirements.noaudio.txt (line 20))
  Downloading alembic-1.18.1-py3-none-any.whl.metadata (7.2 kB)
Collecting SQLAlchemy (from -r /tmp/requirements.noaudio.txt (line 21))
  Downloading sqlalchemy-2.0.45-cp312-cp312-manylinux2014_x86_64.manylinux_2_17_x86_64.manylinux_2_28_x86_64.whl.metadata (9.5 kB)
Collecting av>=14.2.0 (from -r /tmp/requirements.noaudio.txt (line 22))
  Downloading av-16.1.0-cp312-cp312-manylinux_2_28_x86_64.whl.metadata (4.6 kB)
Collecting comfy-kitchen>=0.2.6 (from -r /tmp/requirements.noaudio.txt (line 23))
  Downloading comfy_kitchen-0.2.7-cp312-abi3-manylinux_2_24_x86_64.manylinux_2_28_x86_64.whl.metadata (7.2 kB)
Collecting kornia>=0.7.1 (from -r /tmp/requirements.noaudio.txt (line 26))
  Downloading kornia-0.8.2-py2.py3-none-any.whl.metadata (18 kB)
Collecting spandrel (from -r /tmp/requirements.noaudio.txt (line 27))
  Downloading spandrel-0.4.1-py3-none-any.whl.metadata (15 kB)
Collecting pydantic~=2.0 (from -r /tmp/requirements.noaudio.txt (line 28))
  Downloading pydantic-2.12.5-py3-none-any.whl.metadata (90 kB)
Collecting pydantic-settings~=2.0 (from -r /tmp/requirements.noaudio.txt (line 29))
  Downloading pydantic_settings-2.12.0-py3-none-any.whl.metadata (3.4 kB)
Collecting comfyui-workflow-templates-core==0.3.88 (from comfyui-workflow-templates==0.8.4->-r /tmp/requirements.noaudio.txt (line 2))
  Downloading comfyui_workflow_templates_core-0.3.88-py3-none-any.whl.metadata (259 bytes)
Collecting comfyui-workflow-templates-media-api==0.3.39 (from comfyui-workflow-templates==0.8.4->-r /tmp/requirements.noaudio.txt (line 2))
  Downloading comfyui_workflow_templates_media_api-0.3.39-py3-none-any.whl.metadata (290 bytes)
Collecting comfyui-workflow-templates-media-video==0.3.38 (from comfyui-workflow-templates==0.8.4->-r /tmp/requirements.noaudio.txt (line 2))
  Downloading comfyui_workflow_templates_media_video-0.3.38-py3-none-any.whl.metadata (282 bytes)
Collecting comfyui-workflow-templates-media-image==0.3.55 (from comfyui-workflow-templates==0.8.4->-r /tmp/requirements.noaudio.txt (line 2))
  Downloading comfyui_workflow_templates_media_image-0.3.55-py3-none-any.whl.metadata (282 bytes)
Collecting comfyui-workflow-templates-media-other==0.3.80 (from comfyui-workflow-templates==0.8.4->-r /tmp/requirements.noaudio.txt (line 2))
  Downloading comfyui_workflow_templates_media_other-0.3.80-py3-none-any.whl.metadata (305 bytes)
Collecting annotated-types>=0.6.0 (from pydantic~=2.0->-r /tmp/requirements.noaudio.txt (line 28))
  Downloading annotated_types-0.7.0-py3-none-any.whl.metadata (15 kB)
Collecting pydantic-core==2.41.5 (from pydantic~=2.0->-r /tmp/requirements.noaudio.txt (line 28))
  Downloading pydantic_core-2.41.5-cp312-cp312-manylinux_2_17_x86_64.manylinux2014_x86_64.whl.metadata (7.3 kB)
Collecting typing-extensions>=4.14.1 (from pydantic~=2.0->-r /tmp/requirements.noaudio.txt (line 28))
  Downloading typing_extensions-4.15.0-py3-none-any.whl.metadata (3.3 kB)
Collecting typing-inspection>=0.4.2 (from pydantic~=2.0->-r /tmp/requirements.noaudio.txt (line 28))
  Downloading typing_inspection-0.4.2-py3-none-any.whl.metadata (2.6 kB)
Collecting python-dotenv>=0.21.0 (from pydantic-settings~=2.0->-r /tmp/requirements.noaudio.txt (line 29))
  Downloading python_dotenv-1.2.1-py3-none-any.whl.metadata (25 kB)
Collecting filelock (from torch->-r /tmp/requirements.noaudio.txt (line 4))
  Downloading filelock-3.20.3-py3-none-any.whl.metadata (2.1 kB)
Requirement already satisfied: setuptools in /usr/local/lib/python3.12/site-packages (from torch->-r /tmp/requirements.noaudio.txt (line 4)) (80.9.0)
Collecting sympy>=1.13.3 (from torch->-r /tmp/requirements.noaudio.txt (line 4))
  Downloading sympy-1.14.0-py3-none-any.whl.metadata (12 kB)
Collecting networkx>=2.5.1 (from torch->-r /tmp/requirements.noaudio.txt (line 4))
  Downloading networkx-3.6.1-py3-none-any.whl.metadata (6.8 kB)
Collecting jinja2 (from torch->-r /tmp/requirements.noaudio.txt (line 4))
  Downloading jinja2-3.1.6-py3-none-any.whl.metadata (2.9 kB)
Collecting fsspec>=0.8.5 (from torch->-r /tmp/requirements.noaudio.txt (line 4))
  Downloading fsspec-2026.1.0-py3-none-any.whl.metadata (10 kB)
Collecting nvidia-cuda-nvrtc-cu12==12.8.93 (from torch->-r /tmp/requirements.noaudio.txt (line 4))
  Downloading nvidia_cuda_nvrtc_cu12-12.8.93-py3-none-manylinux2010_x86_64.manylinux_2_12_x86_64.whl.metadata (1.7 kB)
Collecting nvidia-cuda-runtime-cu12==12.8.90 (from torch->-r /tmp/requirements.noaudio.txt (line 4))
  Downloading nvidia_cuda_runtime_cu12-12.8.90-py3-none-manylinux2014_x86_64.manylinux_2_17_x86_64.whl.metadata (1.7 kB)
Collecting nvidia-cuda-cupti-cu12==12.8.90 (from torch->-r /tmp/requirements.noaudio.txt (line 4))
  Downloading nvidia_cuda_cupti_cu12-12.8.90-py3-none-manylinux2014_x86_64.manylinux_2_17_x86_64.whl.metadata (1.7 kB)
Collecting nvidia-cudnn-cu12==9.10.2.21 (from torch->-r /tmp/requirements.noaudio.txt (line 4))
  Downloading nvidia_cudnn_cu12-9.10.2.21-py3-none-manylinux_2_27_x86_64.whl.metadata (1.8 kB)
Collecting nvidia-cublas-cu12==12.8.4.1 (from torch->-r /tmp/requirements.noaudio.txt (line 4))
  Downloading nvidia_cublas_cu12-12.8.4.1-py3-none-manylinux_2_27_x86_64.whl.metadata (1.7 kB)
Collecting nvidia-cufft-cu12==11.3.3.83 (from torch->-r /tmp/requirements.noaudio.txt (line 4))
  Downloading nvidia_cufft_cu12-11.3.3.83-py3-none-manylinux2014_x86_64.manylinux_2_17_x86_64.whl.metadata (1.7 kB)
Collecting nvidia-curand-cu12==10.3.9.90 (from torch->-r /tmp/requirements.noaudio.txt (line 4))
  Downloading nvidia_curand_cu12-10.3.9.90-py3-none-manylinux_2_27_x86_64.whl.metadata (1.7 kB)
Collecting nvidia-cusolver-cu12==11.7.3.90 (from torch->-r /tmp/requirements.noaudio.txt (line 4))
  Downloading nvidia_cusolver_cu12-11.7.3.90-py3-none-manylinux_2_27_x86_64.whl.metadata (1.8 kB)
Collecting nvidia-cusparse-cu12==12.5.8.93 (from torch->-r /tmp/requirements.noaudio.txt (line 4))
  Downloading nvidia_cusparse_cu12-12.5.8.93-py3-none-manylinux2014_x86_64.manylinux_2_17_x86_64.whl.metadata (1.8 kB)
Collecting nvidia-cusparselt-cu12==0.7.1 (from torch->-r /tmp/requirements.noaudio.txt (line 4))
  Downloading nvidia_cusparselt_cu12-0.7.1-py3-none-manylinux2014_x86_64.whl.metadata (7.0 kB)
Collecting nvidia-nccl-cu12==2.27.5 (from torch->-r /tmp/requirements.noaudio.txt (line 4))
  Downloading nvidia_nccl_cu12-2.27.5-py3-none-manylinux2014_x86_64.manylinux_2_17_x86_64.whl.metadata (2.0 kB)
Collecting nvidia-nvshmem-cu12==3.3.20 (from torch->-r /tmp/requirements.noaudio.txt (line 4))
  Downloading nvidia_nvshmem_cu12-3.3.20-py3-none-manylinux2014_x86_64.manylinux_2_17_x86_64.whl.metadata (2.1 kB)
Collecting nvidia-nvtx-cu12==12.8.90 (from torch->-r /tmp/requirements.noaudio.txt (line 4))
  Downloading nvidia_nvtx_cu12-12.8.90-py3-none-manylinux2014_x86_64.manylinux_2_17_x86_64.whl.metadata (1.8 kB)
Collecting nvidia-nvjitlink-cu12==12.8.93 (from torch->-r /tmp/requirements.noaudio.txt (line 4))
  Downloading nvidia_nvjitlink_cu12-12.8.93-py3-none-manylinux2010_x86_64.manylinux_2_12_x86_64.whl.metadata (1.7 kB)
Collecting nvidia-cufile-cu12==1.13.1.3 (from torch->-r /tmp/requirements.noaudio.txt (line 4))
  Downloading nvidia_cufile_cu12-1.13.1.3-py3-none-manylinux2014_x86_64.manylinux_2_17_x86_64.whl.metadata (1.7 kB)
Collecting triton==3.5.1 (from torch->-r /tmp/requirements.noaudio.txt (line 4))
  Downloading triton-3.5.1-cp312-cp312-manylinux_2_27_x86_64.manylinux_2_28_x86_64.whl.metadata (1.7 kB)
Collecting trampoline>=0.1.2 (from torchsde->-r /tmp/requirements.noaudio.txt (line 5))
  Downloading trampoline-0.1.2-py3-none-any.whl.metadata (10 kB)
Collecting huggingface-hub<1.0,>=0.34.0 (from transformers>=4.50.3->-r /tmp/requirements.noaudio.txt (line 9))
  Downloading huggingface_hub-0.36.0-py3-none-any.whl.metadata (14 kB)
Collecting packaging>=20.0 (from transformers>=4.50.3->-r /tmp/requirements.noaudio.txt (line 9))
  Downloading packaging-25.0-py3-none-any.whl.metadata (3.3 kB)
Collecting regex!=2019.12.17 (from transformers>=4.50.3->-r /tmp/requirements.noaudio.txt (line 9))
  Downloading regex-2026.1.15-cp312-cp312-manylinux2014_x86_64.manylinux_2_17_x86_64.manylinux_2_28_x86_64.whl.metadata (40 kB)
Collecting requests (from transformers>=4.50.3->-r /tmp/requirements.noaudio.txt (line 9))
  Downloading requests-2.32.5-py3-none-any.whl.metadata (4.9 kB)
Collecting hf-xet<2.0.0,>=1.1.3 (from huggingface-hub<1.0,>=0.34.0->transformers>=4.50.3->-r /tmp/requirements.noaudio.txt (line 9))
  Downloading hf_xet-1.2.0-cp37-abi3-manylinux_2_17_x86_64.manylinux2014_x86_64.whl.metadata (4.9 kB)
Collecting aiohappyeyeballs>=2.5.0 (from aiohttp>=3.11.8->-r /tmp/requirements.noaudio.txt (line 13))
  Downloading aiohappyeyeballs-2.6.1-py3-none-any.whl.metadata (5.9 kB)
Collecting aiosignal>=1.4.0 (from aiohttp>=3.11.8->-r /tmp/requirements.noaudio.txt (line 13))
  Downloading aiosignal-1.4.0-py3-none-any.whl.metadata (3.7 kB)
Collecting attrs>=17.3.0 (from aiohttp>=3.11.8->-r /tmp/requirements.noaudio.txt (line 13))
  Downloading attrs-25.4.0-py3-none-any.whl.metadata (10 kB)
Collecting frozenlist>=1.1.1 (from aiohttp>=3.11.8->-r /tmp/requirements.noaudio.txt (line 13))
  Downloading frozenlist-1.8.0-cp312-cp312-manylinux1_x86_64.manylinux_2_28_x86_64.manylinux_2_5_x86_64.whl.metadata (20 kB)
Collecting multidict<7.0,>=4.5 (from aiohttp>=3.11.8->-r /tmp/requirements.noaudio.txt (line 13))
  Downloading multidict-6.7.0-cp312-cp312-manylinux2014_x86_64.manylinux_2_17_x86_64.manylinux_2_28_x86_64.whl.metadata (5.3 kB)
Collecting propcache>=0.2.0 (from aiohttp>=3.11.8->-r /tmp/requirements.noaudio.txt (line 13))
  Downloading propcache-0.4.1-cp312-cp312-manylinux2014_x86_64.manylinux_2_17_x86_64.manylinux_2_28_x86_64.whl.metadata (13 kB)
Collecting idna>=2.0 (from yarl>=1.18.0->-r /tmp/requirements.noaudio.txt (line 14))
  Downloading idna-3.11-py3-none-any.whl.metadata (8.4 kB)
Collecting Mako (from alembic->-r /tmp/requirements.noaudio.txt (line 20))
  Downloading mako-1.3.10-py3-none-any.whl.metadata (2.9 kB)
Collecting greenlet>=1 (from SQLAlchemy->-r /tmp/requirements.noaudio.txt (line 21))
  Downloading greenlet-3.3.0-cp312-cp312-manylinux_2_24_x86_64.manylinux_2_28_x86_64.whl.metadata (4.1 kB)
Collecting kornia_rs>=0.1.9 (from kornia>=0.7.1->-r /tmp/requirements.noaudio.txt (line 26))
  Downloading kornia_rs-0.1.10-cp312-cp312-manylinux_2_17_x86_64.manylinux2014_x86_64.whl.metadata (12 kB)
Collecting mpmath<1.4,>=1.1.0 (from sympy>=1.13.3->torch->-r /tmp/requirements.noaudio.txt (line 4))
  Downloading mpmath-1.3.0-py3-none-any.whl.metadata (8.6 kB)
Collecting MarkupSafe>=2.0 (from jinja2->torch->-r /tmp/requirements.noaudio.txt (line 4))
  Downloading markupsafe-3.0.3-cp312-cp312-manylinux2014_x86_64.manylinux_2_17_x86_64.manylinux_2_28_x86_64.whl.metadata (2.7 kB)
Collecting charset_normalizer<4,>=2 (from requests->transformers>=4.50.3->-r /tmp/requirements.noaudio.txt (line 9))
  Downloading charset_normalizer-3.4.4-cp312-cp312-manylinux2014_x86_64.manylinux_2_17_x86_64.manylinux_2_28_x86_64.whl.metadata (37 kB)
Collecting urllib3<3,>=1.21.1 (from requests->transformers>=4.50.3->-r /tmp/requirements.noaudio.txt (line 9))
  Downloading urllib3-2.6.3-py3-none-any.whl.metadata (6.9 kB)
Collecting certifi>=2017.4.17 (from requests->transformers>=4.50.3->-r /tmp/requirements.noaudio.txt (line 9))
  Downloading certifi-2026.1.4-py3-none-any.whl.metadata (2.5 kB)
Downloading comfyui_frontend_package-1.36.14-py3-none-any.whl (19.4 MB)
   ━━━━━━━━━━━━━━━━━━━━━━━━━━━━━━━━━━━━━━━━ 19.4/19.4 MB 45.8 MB/s eta 0:00:00
Downloading comfyui_workflow_templates-0.8.4-py3-none-any.whl (8.8 kB)
Downloading comfyui_embedded_docs-0.4.0-py3-none-any.whl (9.6 MB)
   ━━━━━━━━━━━━━━━━━━━━━━━━━━━━━━━━━━━━━━━━ 9.6/9.6 MB 37.9 MB/s eta 0:00:00
Downloading comfyui_workflow_templates_core-0.3.88-py3-none-any.whl (33 kB)
Downloading comfyui_workflow_templates_media_api-0.3.39-py3-none-any.whl (70.6 MB)
   ━━━━━━━━━━━━━━━━━━━━━━━━━━━━━━━━━━━━━━━━ 70.6/70.6 MB 50.6 MB/s eta 0:00:00
Downloading comfyui_workflow_templates_media_image-0.3.55-py3-none-any.whl (14.4 MB)
   ━━━━━━━━━━━━━━━━━━━━━━━━━━━━━━━━━━━━━━━━ 14.4/14.4 MB 38.9 MB/s eta 0:00:00
Downloading comfyui_workflow_templates_media_other-0.3.80-py3-none-any.whl (17.8 MB)
   ━━━━━━━━━━━━━━━━━━━━━━━━━━━━━━━━━━━━━━━━ 17.8/17.8 MB 43.1 MB/s eta 0:00:00
Downloading comfyui_workflow_templates_media_video-0.3.38-py3-none-any.whl (54.7 MB)
   ━━━━━━━━━━━━━━━━━━━━━━━━━━━━━━━━━━━━━━━━ 54.7/54.7 MB 49.9 MB/s eta 0:00:00
Downloading pydantic-2.12.5-py3-none-any.whl (463 kB)
Downloading pydantic_core-2.41.5-cp312-cp312-manylinux_2_17_x86_64.manylinux2014_x86_64.whl (2.1 MB)
   ━━━━━━━━━━━━━━━━━━━━━━━━━━━━━━━━━━━━━━━━ 2.1/2.1 MB 20.3 MB/s eta 0:00:00
Downloading pydantic_settings-2.12.0-py3-none-any.whl (51 kB)
Downloading torch-2.9.1-cp312-cp312-manylinux_2_28_x86_64.whl (899.7 MB)
   ━━━━━━━━━━━━━━━━━━━━━━━━━━━━━━━━━━━━━━━━ 899.7/899.7 MB 27.1 MB/s eta 0:00:00
Downloading nvidia_cublas_cu12-12.8.4.1-py3-none-manylinux_2_27_x86_64.whl (594.3 MB)
   ━━━━━━━━━━━━━━━━━━━━━━━━━━━━━━━━━━━━━━━━ 594.3/594.3 MB 35.9 MB/s eta 0:00:00
Downloading nvidia_cuda_cupti_cu12-12.8.90-py3-none-manylinux2014_x86_64.manylinux_2_17_x86_64.whl (10.2 MB)
   ━━━━━━━━━━━━━━━━━━━━━━━━━━━━━━━━━━━━━━━━ 10.2/10.2 MB 1.7 MB/s eta 0:00:00
Downloading nvidia_cuda_nvrtc_cu12-12.8.93-py3-none-manylinux2010_x86_64.manylinux_2_12_x86_64.whl (88.0 MB)
   ━━━━━━━━━━━━━━━━━━━━━━━━━━━━━━━━━━━━━━━━ 88.0/88.0 MB 44.8 MB/s eta 0:00:00
Downloading nvidia_cuda_runtime_cu12-12.8.90-py3-none-manylinux2014_x86_64.manylinux_2_17_x86_64.whl (954 kB)
   ━━━━━━━━━━━━━━━━━━━━━━━━━━━━━━━━━━━━━━━━ 954.8/954.8 kB 714.0 kB/s eta 0:00:00
Downloading nvidia_cudnn_cu12-9.10.2.21-py3-none-manylinux_2_27_x86_64.whl (706.8 MB)
   ━━━━━━━━━━━━━━━━━━━━━━━━━━━━━━━━━━━━━━━━ 706.8/706.8 MB 28.3 MB/s eta 0:00:00
Downloading nvidia_cufft_cu12-11.3.3.83-py3-none-manylinux2014_x86_64.manylinux_2_17_x86_64.whl (193.1 MB)
   ━━━━━━━━━━━━━━━━━━━━━━━━━━━━━━━━━━━━━━━━ 193.1/193.1 MB 31.0 MB/s eta 0:00:00
Downloading nvidia_cufile_cu12-1.13.1.3-py3-none-manylinux2014_x86_64.manylinux_2_17_x86_64.whl (1.2 MB)
   ━━━━━━━━━━━━━━━━━━━━━━━━━━━━━━━━━━━━━━━━ 1.2/1.2 MB 977.9 kB/s eta 0:00:00
Downloading nvidia_curand_cu12-10.3.9.90-py3-none-manylinux_2_27_x86_64.whl (63.6 MB)
   ━━━━━━━━━━━━━━━━━━━━━━━━━━━━━━━━━━━━━━━━ 63.6/63.6 MB 39.1 MB/s eta 0:00:00
Downloading nvidia_cusolver_cu12-11.7.3.90-py3-none-manylinux_2_27_x86_64.whl (267.5 MB)
   ━━━━━━━━━━━━━━━━━━━━━━━━━━━━━━━━━━━━━━━━ 267.5/267.5 MB 38.2 MB/s eta 0:00:00
Downloading nvidia_cusparse_cu12-12.5.8.93-py3-none-manylinux2014_x86_64.manylinux_2_17_x86_64.whl (288.2 MB)
   ━━━━━━━━━━━━━━━━━━━━━━━━━━━━━━━━━━━━━━━━ 288.2/288.2 MB 27.2 MB/s eta 0:00:00
Downloading nvidia_cusparselt_cu12-0.7.1-py3-none-manylinux2014_x86_64.whl (287.2 MB)
   ━━━━━━━━━━━━━━━━━━━━━━━━━━━━━━━━━━━━━━━━ 287.2/287.2 MB 30.1 MB/s eta 0:00:00
Downloading nvidia_nccl_cu12-2.27.5-py3-none-manylinux2014_x86_64.manylinux_2_17_x86_64.whl (322.3 MB)
   ━━━━━━━━━━━━━━━━━━━━━━━━━━━━━━━━━━━━━━━━ 322.3/322.3 MB 46.1 MB/s eta 0:00:00
Downloading nvidia_nvjitlink_cu12-12.8.93-py3-none-manylinux2010_x86_64.manylinux_2_12_x86_64.whl (39.3 MB)
   ━━━━━━━━━━━━━━━━━━━━━━━━━━━━━━━━━━━━━━━━ 39.3/39.3 MB 27.3 MB/s eta 0:00:00
Downloading nvidia_nvshmem_cu12-3.3.20-py3-none-manylinux2014_x86_64.manylinux_2_17_x86_64.whl (124.7 MB)
   ━━━━━━━━━━━━━━━━━━━━━━━━━━━━━━━━━━━━━━━━ 124.7/124.7 MB 30.7 MB/s eta 0:00:00
Downloading nvidia_nvtx_cu12-12.8.90-py3-none-manylinux2014_x86_64.manylinux_2_17_x86_64.whl (89 kB)
Downloading triton-3.5.1-cp312-cp312-manylinux_2_27_x86_64.manylinux_2_28_x86_64.whl (170.5 MB)
   ━━━━━━━━━━━━━━━━━━━━━━━━━━━━━━━━━━━━━━━━ 170.5/170.5 MB 34.1 MB/s eta 0:00:00
Downloading torchsde-0.2.6-py3-none-any.whl (61 kB)
Downloading torchvision-0.24.1-cp312-cp312-manylinux_2_28_x86_64.whl (8.0 MB)
   ━━━━━━━━━━━━━━━━━━━━━━━━━━━━━━━━━━━━━━━━ 8.0/8.0 MB 17.4 MB/s eta 0:00:00
Downloading numpy-2.2.6-cp312-cp312-manylinux_2_17_x86_64.manylinux2014_x86_64.whl (16.5 MB)
   ━━━━━━━━━━━━━━━━━━━━━━━━━━━━━━━━━━━━━━━━ 16.5/16.5 MB 26.7 MB/s eta 0:00:00
Downloading einops-0.8.1-py3-none-any.whl (64 kB)
Downloading transformers-4.57.6-py3-none-any.whl (12.0 MB)
   ━━━━━━━━━━━━━━━━━━━━━━━━━━━━━━━━━━━━━━━━ 12.0/12.0 MB 14.2 MB/s eta 0:00:00
Downloading tokenizers-0.22.2-cp39-abi3-manylinux_2_17_x86_64.manylinux2014_x86_64.whl (3.3 MB)
   ━━━━━━━━━━━━━━━━━━━━━━━━━━━━━━━━━━━━━━━━ 3.3/3.3 MB 5.5 MB/s eta 0:00:00
Downloading huggingface_hub-0.36.0-py3-none-any.whl (566 kB)
   ━━━━━━━━━━━━━━━━━━━━━━━━━━━━━━━━━━━━━━━━ 566.1/566.1 kB 729.2 kB/s eta 0:00:00
Downloading hf_xet-1.2.0-cp37-abi3-manylinux_2_17_x86_64.manylinux2014_x86_64.whl (3.3 MB)
   ━━━━━━━━━━━━━━━━━━━━━━━━━━━━━━━━━━━━━━━━ 3.3/3.3 MB 6.2 MB/s eta 0:00:00
Downloading sentencepiece-0.2.1-cp312-cp312-manylinux_2_27_x86_64.manylinux_2_28_x86_64.whl (1.4 MB)
   ━━━━━━━━━━━━━━━━━━━━━━━━━━━━━━━━━━━━━━━━ 1.4/1.4 MB 1.4 MB/s eta 0:00:00
Downloading safetensors-0.7.0-cp38-abi3-manylinux_2_17_x86_64.manylinux2014_x86_64.whl (507 kB)
Downloading aiohttp-3.13.3-cp312-cp312-manylinux2014_x86_64.manylinux_2_17_x86_64.manylinux_2_28_x86_64.whl (1.8 MB)
   ━━━━━━━━━━━━━━━━━━━━━━━━━━━━━━━━━━━━━━━━ 1.8/1.8 MB 1.8 MB/s eta 0:00:00
Downloading yarl-1.22.0-cp312-cp312-manylinux2014_x86_64.manylinux_2_17_x86_64.manylinux_2_28_x86_64.whl (377 kB)
Downloading multidict-6.7.0-cp312-cp312-manylinux2014_x86_64.manylinux_2_17_x86_64.manylinux_2_28_x86_64.whl (256 kB)
Downloading pyyaml-6.0.3-cp312-cp312-manylinux2014_x86_64.manylinux_2_17_x86_64.manylinux_2_28_x86_64.whl (807 kB)
   ━━━━━━━━━━━━━━━━━━━━━━━━━━━━━━━━━━━━━━━━ 807.9/807.9 kB 683.7 kB/s eta 0:00:00
Downloading pillow-12.1.0-cp312-cp312-manylinux_2_27_x86_64.manylinux_2_28_x86_64.whl (7.0 MB)
   ━━━━━━━━━━━━━━━━━━━━━━━━━━━━━━━━━━━━━━━━ 7.0/7.0 MB 12.7 MB/s eta 0:00:00
Downloading scipy-1.17.0-cp312-cp312-manylinux_2_27_x86_64.manylinux_2_28_x86_64.whl (35.0 MB)
   ━━━━━━━━━━━━━━━━━━━━━━━━━━━━━━━━━━━━━━━━ 35.0/35.0 MB 31.7 MB/s eta 0:00:00
Downloading tqdm-4.67.1-py3-none-any.whl (78 kB)
Downloading psutil-7.2.1-cp36-abi3-manylinux2010_x86_64.manylinux_2_12_x86_64.manylinux_2_28_x86_64.whl (154 kB)
Downloading alembic-1.18.1-py3-none-any.whl (260 kB)
Downloading sqlalchemy-2.0.45-cp312-cp312-manylinux2014_x86_64.manylinux_2_17_x86_64.manylinux_2_28_x86_64.whl (3.3 MB)
   ━━━━━━━━━━━━━━━━━━━━━━━━━━━━━━━━━━━━━━━━ 3.3/3.3 MB 7.1 MB/s eta 0:00:00
Downloading av-16.1.0-cp312-cp312-manylinux_2_28_x86_64.whl (41.2 MB)
   ━━━━━━━━━━━━━━━━━━━━━━━━━━━━━━━━━━━━━━━━ 41.2/41.2 MB 34.2 MB/s eta 0:00:00
Downloading comfy_kitchen-0.2.7-cp312-abi3-manylinux_2_24_x86_64.manylinux_2_28_x86_64.whl (680 kB)
   ━━━━━━━━━━━━━━━━━━━━━━━━━━━━━━━━━━━━━━━━ 680.6/680.6 kB 1.8 MB/s eta 0:00:00
Downloading kornia-0.8.2-py2.py3-none-any.whl (1.1 MB)
   ━━━━━━━━━━━━━━━━━━━━━━━━━━━━━━━━━━━━━━━━ 1.1/1.1 MB 2.2 MB/s eta 0:00:00
Downloading spandrel-0.4.1-py3-none-any.whl (305 kB)
Downloading aiohappyeyeballs-2.6.1-py3-none-any.whl (15 kB)
Downloading aiosignal-1.4.0-py3-none-any.whl (7.5 kB)
Downloading annotated_types-0.7.0-py3-none-any.whl (13 kB)
Downloading attrs-25.4.0-py3-none-any.whl (67 kB)
Downloading frozenlist-1.8.0-cp312-cp312-manylinux1_x86_64.manylinux_2_28_x86_64.manylinux_2_5_x86_64.whl (242 kB)
Downloading fsspec-2026.1.0-py3-none-any.whl (201 kB)
Downloading greenlet-3.3.0-cp312-cp312-manylinux_2_24_x86_64.manylinux_2_28_x86_64.whl (609 kB)
   ━━━━━━━━━━━━━━━━━━━━━━━━━━━━━━━━━━━━━━━━ 609.9/609.9 kB 1.1 MB/s eta 0:00:00
Downloading idna-3.11-py3-none-any.whl (71 kB)
Downloading kornia_rs-0.1.10-cp312-cp312-manylinux_2_17_x86_64.manylinux2014_x86_64.whl (3.0 MB)
   ━━━━━━━━━━━━━━━━━━━━━━━━━━━━━━━━━━━━━━━━ 3.0/3.0 MB 7.1 MB/s eta 0:00:00
Downloading networkx-3.6.1-py3-none-any.whl (2.1 MB)
   ━━━━━━━━━━━━━━━━━━━━━━━━━━━━━━━━━━━━━━━━ 2.1/2.1 MB 4.3 MB/s eta 0:00:00
Downloading packaging-25.0-py3-none-any.whl (66 kB)
Downloading propcache-0.4.1-cp312-cp312-manylinux2014_x86_64.manylinux_2_17_x86_64.manylinux_2_28_x86_64.whl (221 kB)
Downloading python_dotenv-1.2.1-py3-none-any.whl (21 kB)
Downloading regex-2026.1.15-cp312-cp312-manylinux2014_x86_64.manylinux_2_17_x86_64.manylinux_2_28_x86_64.whl (803 kB)
   ━━━━━━━━━━━━━━━━━━━━━━━━━━━━━━━━━━━━━━━━ 803.6/803.6 kB 504.6 kB/s eta 0:00:00
Downloading sympy-1.14.0-py3-none-any.whl (6.3 MB)
   ━━━━━━━━━━━━━━━━━━━━━━━━━━━━━━━━━━━━━━━━ 6.3/6.3 MB 13.9 MB/s eta 0:00:00
Downloading mpmath-1.3.0-py3-none-any.whl (536 kB)
   ━━━━━━━━━━━━━━━━━━━━━━━━━━━━━━━━━━━━━━━━ 536.2/536.2 kB 554.5 kB/s eta 0:00:00
Downloading trampoline-0.1.2-py3-none-any.whl (5.2 kB)
Downloading typing_extensions-4.15.0-py3-none-any.whl (44 kB)
Downloading typing_inspection-0.4.2-py3-none-any.whl (14 kB)
Downloading filelock-3.20.3-py3-none-any.whl (16 kB)
Downloading jinja2-3.1.6-py3-none-any.whl (134 kB)
Downloading markupsafe-3.0.3-cp312-cp312-manylinux2014_x86_64.manylinux_2_17_x86_64.manylinux_2_28_x86_64.whl (22 kB)
Downloading mako-1.3.10-py3-none-any.whl (78 kB)
Downloading requests-2.32.5-py3-none-any.whl (64 kB)
Downloading charset_normalizer-3.4.4-cp312-cp312-manylinux2014_x86_64.manylinux_2_17_x86_64.manylinux_2_28_x86_64.whl (153 kB)
Downloading urllib3-2.6.3-py3-none-any.whl (131 kB)
Downloading certifi-2026.1.4-py3-none-any.whl (152 kB)
Installing collected packages: trampoline, nvidia-cusparselt-cu12, mpmath, urllib3, typing-extensions, triton, tqdm, sympy, sentencepiece, safetensors, regex, pyyaml, python-dotenv, psutil, propcache, Pillow, packaging, nvidia-nvtx-cu12, nvidia-nvshmem-cu12, nvidia-nvjitlink-cu12, nvidia-nccl-cu12, nvidia-curand-cu12, nvidia-cufile-cu12, nvidia-cuda-runtime-cu12, nvidia-cuda-nvrtc-cu12, nvidia-cuda-cupti-cu12, nvidia-cublas-cu12, numpy, networkx, multidict, MarkupSafe, kornia_rs, idna, hf-xet, greenlet, fsspec, frozenlist, filelock, einops, comfyui-workflow-templates-media-video, comfyui-workflow-templates-media-other, comfyui-workflow-templates-media-image, comfyui-workflow-templates-media-api, comfyui-workflow-templates-core, comfyui-frontend-package, comfyui-embedded-docs, comfy-kitchen, charset_normalizer, certifi, av, attrs, annotated-types, aiohappyeyeballs, yarl, typing-inspection, SQLAlchemy, scipy, requests, pydantic-core, nvidia-cusparse-cu12, nvidia-cufft-cu12, nvidia-cudnn-cu12, Mako, jinja2, comfyui-workflow-templates, aiosignal, pydantic, nvidia-cusolver-cu12, huggingface-hub, alembic, aiohttp, torch, tokenizers, pydantic-settings, transformers, torchvision, torchsde, kornia, spandrel

Successfully installed Mako-1.3.10 MarkupSafe-3.0.3 Pillow-12.1.0 SQLAlchemy-2.0.45 aiohappyeyeballs-2.6.1 aiohttp-3.13.3 aiosignal-1.4.0 alembic-1.18.1 annotated-types-0.7.0 attrs-25.4.0 av-16.1.0 certifi-2026.1.4 charset_normalizer-3.4.4 comfy-kitchen-0.2.7 comfyui-embedded-docs-0.4.0 comfyui-frontend-package-1.36.14 comfyui-workflow-templates-0.8.4 comfyui-workflow-templates-core-0.3.88 comfyui-workflow-templates-media-api-0.3.39 comfyui-workflow-templates-media-image-0.3.55 comfyui-workflow-templates-media-other-0.3.80 comfyui-workflow-templates-media-video-0.3.38 einops-0.8.1 filelock-3.20.3 frozenlist-1.8.0 fsspec-2026.1.0 greenlet-3.3.0 hf-xet-1.2.0 huggingface-hub-0.36.0 idna-3.11 jinja2-3.1.6 kornia-0.8.2 kornia_rs-0.1.10 mpmath-1.3.0 multidict-6.7.0 networkx-3.6.1 numpy-2.2.6 nvidia-cublas-cu12-12.8.4.1 nvidia-cuda-cupti-cu12-12.8.90 nvidia-cuda-nvrtc-cu12-12.8.93 nvidia-cuda-runtime-cu12-12.8.90 nvidia-cudnn-cu12-9.10.2.21 nvidia-cufft-cu12-11.3.3.83 nvidia-cufile-cu12-1.13.1.3 nvidia-curand-cu12-10.3.9.90 nvidia-cusolver-cu12-11.7.3.90 nvidia-cusparse-cu12-12.5.8.93 nvidia-cusparselt-cu12-0.7.1 nvidia-nccl-cu12-2.27.5 nvidia-nvjitlink-cu12-12.8.93 nvidia-nvshmem-cu12-3.3.20 nvidia-nvtx-cu12-12.8.90 packaging-25.0 propcache-0.4.1 psutil-7.2.1 pydantic-2.12.5 pydantic-core-2.41.5 pydantic-settings-2.12.0 python-dotenv-1.2.1 pyyaml-6.0.3 regex-2026.1.15 requests-2.32.5 safetensors-0.7.0 scipy-1.17.0 sentencepiece-0.2.1 spandrel-0.4.1 sympy-1.14.0 tokenizers-0.22.2 torch-2.9.1 torchsde-0.2.6 torchvision-0.24.1 tqdm-4.67.1 trampoline-0.1.2 transformers-4.57.6 triton-3.5.1 typing-extensions-4.15.0 typing-inspection-0.4.2 urllib3-2.6.3 yarl-1.22.0
WARNING: Running pip as the 'root' user can result in broken permissions and conflicting behaviour with the system package manager, possibly rendering your system unusable. It is recommended to use a virtual environment instead: https://pip.pypa.io/warnings/venv. Use the --root-user-action option if you know what you are doing and want to suppress this warning.
