Requirement already satisfied: diffusers in /usr/local/lib/python3.12/site-packages (from -r /workspace/run/ComfyUI/custom_nodes/ComfyUI-LatentSyncWrapper/requirements.txt (line 1)) (0.36.0)
Requirement already satisfied: mediapipe>=0.10.8 in /usr/local/lib/python3.12/site-packages (from -r /workspace/run/ComfyUI/custom_nodes/ComfyUI-LatentSyncWrapper/requirements.txt (line 2)) (0.10.31)
Requirement already satisfied: transformers in /usr/local/lib/python3.12/site-packages (from -r /workspace/run/ComfyUI/custom_nodes/ComfyUI-LatentSyncWrapper/requirements.txt (line 3)) (4.57.6)
Requirement already satisfied: huggingface-hub>=0.10.0 in /usr/local/lib/python3.12/site-packages (from -r /workspace/run/ComfyUI/custom_nodes/ComfyUI-LatentSyncWrapper/requirements.txt (line 4)) (0.36.0)
Requirement already satisfied: omegaconf in /usr/local/lib/python3.12/site-packages (from -r /workspace/run/ComfyUI/custom_nodes/ComfyUI-LatentSyncWrapper/requirements.txt (line 5)) (2.3.0)
Requirement already satisfied: einops in /usr/local/lib/python3.12/site-packages (from -r /workspace/run/ComfyUI/custom_nodes/ComfyUI-LatentSyncWrapper/requirements.txt (line 6)) (0.8.1)
Requirement already satisfied: opencv-python in /usr/local/lib/python3.12/site-packages (from -r /workspace/run/ComfyUI/custom_nodes/ComfyUI-LatentSyncWrapper/requirements.txt (line 7)) (4.13.0.90)
Collecting face-alignment (from -r /workspace/run/ComfyUI/custom_nodes/ComfyUI-LatentSyncWrapper/requirements.txt (line 8))
  Downloading face_alignment-1.4.1-py2.py3-none-any.whl.metadata (7.4 kB)
Collecting decord (from -r /workspace/run/ComfyUI/custom_nodes/ComfyUI-LatentSyncWrapper/requirements.txt (line 9))
  Downloading decord-0.6.0-py3-none-manylinux2010_x86_64.whl.metadata (422 bytes)
Collecting ffmpeg-python>=0.2.0 (from -r /workspace/run/ComfyUI/custom_nodes/ComfyUI-LatentSyncWrapper/requirements.txt (line 10))
  Downloading ffmpeg_python-0.2.0-py3-none-any.whl.metadata (1.7 kB)
Requirement already satisfied: safetensors in /usr/local/lib/python3.12/site-packages (from -r /workspace/run/ComfyUI/custom_nodes/ComfyUI-LatentSyncWrapper/requirements.txt (line 11)) (0.7.0)
Collecting soundfile (from -r /workspace/run/ComfyUI/custom_nodes/ComfyUI-LatentSyncWrapper/requirements.txt (line 12))
  Downloading soundfile-0.13.1-py2.py3-none-manylinux_2_28_x86_64.whl.metadata (16 kB)
Collecting DeepCache (from -r /workspace/run/ComfyUI/custom_nodes/ComfyUI-LatentSyncWrapper/requirements.txt (line 13))
  Downloading DeepCache-0.1.1-py3-none-any.whl.metadata (16 kB)
Requirement already satisfied: importlib_metadata in /usr/local/lib/python3.12/site-packages (from diffusers->-r /workspace/run/ComfyUI/custom_nodes/ComfyUI-LatentSyncWrapper/requirements.txt (line 1)) (8.7.1)
Requirement already satisfied: filelock in /usr/local/lib/python3.12/site-packages (from diffusers->-r /workspace/run/ComfyUI/custom_nodes/ComfyUI-LatentSyncWrapper/requirements.txt (line 1)) (3.20.3)
Requirement already satisfied: httpx<1.0.0 in /usr/local/lib/python3.12/site-packages (from diffusers->-r /workspace/run/ComfyUI/custom_nodes/ComfyUI-LatentSyncWrapper/requirements.txt (line 1)) (0.28.1)
Requirement already satisfied: numpy in /usr/local/lib/python3.12/site-packages (from diffusers->-r /workspace/run/ComfyUI/custom_nodes/ComfyUI-LatentSyncWrapper/requirements.txt (line 1)) (2.2.6)
Requirement already satisfied: regex!=2019.12.17 in /usr/local/lib/python3.12/site-packages (from diffusers->-r /workspace/run/ComfyUI/custom_nodes/ComfyUI-LatentSyncWrapper/requirements.txt (line 1)) (2026.1.15)
Requirement already satisfied: requests in /usr/local/lib/python3.12/site-packages (from diffusers->-r /workspace/run/ComfyUI/custom_nodes/ComfyUI-LatentSyncWrapper/requirements.txt (line 1)) (2.32.5)
Requirement already satisfied: Pillow in /usr/local/lib/python3.12/site-packages (from diffusers->-r /workspace/run/ComfyUI/custom_nodes/ComfyUI-LatentSyncWrapper/requirements.txt (line 1)) (12.1.0)
Requirement already satisfied: fsspec>=2023.5.0 in /usr/local/lib/python3.12/site-packages (from huggingface-hub>=0.10.0->-r /workspace/run/ComfyUI/custom_nodes/ComfyUI-LatentSyncWrapper/requirements.txt (line 4)) (2026.1.0)
Requirement already satisfied: packaging>=20.9 in /usr/local/lib/python3.12/site-packages (from huggingface-hub>=0.10.0->-r /workspace/run/ComfyUI/custom_nodes/ComfyUI-LatentSyncWrapper/requirements.txt (line 4)) (25.0)
Requirement already satisfied: pyyaml>=5.1 in /usr/local/lib/python3.12/site-packages (from huggingface-hub>=0.10.0->-r /workspace/run/ComfyUI/custom_nodes/ComfyUI-LatentSyncWrapper/requirements.txt (line 4)) (6.0.3)
Requirement already satisfied: tqdm>=4.42.1 in /usr/local/lib/python3.12/site-packages (from huggingface-hub>=0.10.0->-r /workspace/run/ComfyUI/custom_nodes/ComfyUI-LatentSyncWrapper/requirements.txt (line 4)) (4.67.1)
Requirement already satisfied: typing-extensions>=3.7.4.3 in /usr/local/lib/python3.12/site-packages (from huggingface-hub>=0.10.0->-r /workspace/run/ComfyUI/custom_nodes/ComfyUI-LatentSyncWrapper/requirements.txt (line 4)) (4.15.0)
Requirement already satisfied: hf-xet<2.0.0,>=1.1.3 in /usr/local/lib/python3.12/site-packages (from huggingface-hub>=0.10.0->-r /workspace/run/ComfyUI/custom_nodes/ComfyUI-LatentSyncWrapper/requirements.txt (line 4)) (1.2.0)
Requirement already satisfied: anyio in /usr/local/lib/python3.12/site-packages (from httpx<1.0.0->diffusers->-r /workspace/run/ComfyUI/custom_nodes/ComfyUI-LatentSyncWrapper/requirements.txt (line 1)) (4.12.1)
Requirement already satisfied: certifi in /usr/local/lib/python3.12/site-packages (from httpx<1.0.0->diffusers->-r /workspace/run/ComfyUI/custom_nodes/ComfyUI-LatentSyncWrapper/requirements.txt (line 1)) (2026.1.4)
Requirement already satisfied: httpcore==1.* in /usr/local/lib/python3.12/site-packages (from httpx<1.0.0->diffusers->-r /workspace/run/ComfyUI/custom_nodes/ComfyUI-LatentSyncWrapper/requirements.txt (line 1)) (1.0.9)
Requirement already satisfied: idna in /usr/local/lib/python3.12/site-packages (from httpx<1.0.0->diffusers->-r /workspace/run/ComfyUI/custom_nodes/ComfyUI-LatentSyncWrapper/requirements.txt (line 1)) (3.11)
Requirement already satisfied: h11>=0.16 in /usr/local/lib/python3.12/site-packages (from httpcore==1.*->httpx<1.0.0->diffusers->-r /workspace/run/ComfyUI/custom_nodes/ComfyUI-LatentSyncWrapper/requirements.txt (line 1)) (0.16.0)
Requirement already satisfied: absl-py~=2.3 in /usr/local/lib/python3.12/site-packages (from mediapipe>=0.10.8->-r /workspace/run/ComfyUI/custom_nodes/ComfyUI-LatentSyncWrapper/requirements.txt (line 2)) (2.3.1)
Requirement already satisfied: sounddevice~=0.5 in /usr/local/lib/python3.12/site-packages (from mediapipe>=0.10.8->-r /workspace/run/ComfyUI/custom_nodes/ComfyUI-LatentSyncWrapper/requirements.txt (line 2)) (0.5.3)
Requirement already satisfied: flatbuffers~=25.9 in /usr/local/lib/python3.12/site-packages (from mediapipe>=0.10.8->-r /workspace/run/ComfyUI/custom_nodes/ComfyUI-LatentSyncWrapper/requirements.txt (line 2)) (25.12.19)
Requirement already satisfied: CFFI>=1.0 in /usr/local/lib/python3.12/site-packages (from sounddevice~=0.5->mediapipe>=0.10.8->-r /workspace/run/ComfyUI/custom_nodes/ComfyUI-LatentSyncWrapper/requirements.txt (line 2)) (2.0.0)
Requirement already satisfied: tokenizers<=0.23.0,>=0.22.0 in /usr/local/lib/python3.12/site-packages (from transformers->-r /workspace/run/ComfyUI/custom_nodes/ComfyUI-LatentSyncWrapper/requirements.txt (line 3)) (0.22.2)
Requirement already satisfied: antlr4-python3-runtime==4.9.* in /usr/local/lib/python3.12/site-packages (from omegaconf->-r /workspace/run/ComfyUI/custom_nodes/ComfyUI-LatentSyncWrapper/requirements.txt (line 5)) (4.9.3)
Requirement already satisfied: torch in /usr/local/lib/python3.12/site-packages (from face-alignment->-r /workspace/run/ComfyUI/custom_nodes/ComfyUI-LatentSyncWrapper/requirements.txt (line 8)) (2.9.1)
Requirement already satisfied: scipy>=0.17 in /usr/local/lib/python3.12/site-packages (from face-alignment->-r /workspace/run/ComfyUI/custom_nodes/ComfyUI-LatentSyncWrapper/requirements.txt (line 8)) (1.17.0)
Requirement already satisfied: scikit-image in /usr/local/lib/python3.12/site-packages (from face-alignment->-r /workspace/run/ComfyUI/custom_nodes/ComfyUI-LatentSyncWrapper/requirements.txt (line 8)) (0.26.0)
Collecting numba (from face-alignment->-r /workspace/run/ComfyUI/custom_nodes/ComfyUI-LatentSyncWrapper/requirements.txt (line 8))
  Downloading numba-0.63.1-cp312-cp312-manylinux2014_x86_64.manylinux_2_17_x86_64.whl.metadata (2.9 kB)
Collecting future (from ffmpeg-python>=0.2.0->-r /workspace/run/ComfyUI/custom_nodes/ComfyUI-LatentSyncWrapper/requirements.txt (line 10))
  Downloading future-1.0.0-py3-none-any.whl.metadata (4.0 kB)
Requirement already satisfied: pycparser in /usr/local/lib/python3.12/site-packages (from CFFI>=1.0->sounddevice~=0.5->mediapipe>=0.10.8->-r /workspace/run/ComfyUI/custom_nodes/ComfyUI-LatentSyncWrapper/requirements.txt (line 2)) (2.23)
Requirement already satisfied: zipp>=3.20 in /usr/local/lib/python3.12/site-packages (from importlib_metadata->diffusers->-r /workspace/run/ComfyUI/custom_nodes/ComfyUI-LatentSyncWrapper/requirements.txt (line 1)) (3.23.0)
Collecting llvmlite<0.47,>=0.46.0dev0 (from numba->face-alignment->-r /workspace/run/ComfyUI/custom_nodes/ComfyUI-LatentSyncWrapper/requirements.txt (line 8))
  Downloading llvmlite-0.46.0-cp312-cp312-manylinux2014_x86_64.manylinux_2_17_x86_64.whl.metadata (5.0 kB)
Requirement already satisfied: charset_normalizer<4,>=2 in /usr/local/lib/python3.12/site-packages (from requests->diffusers->-r /workspace/run/ComfyUI/custom_nodes/ComfyUI-LatentSyncWrapper/requirements.txt (line 1)) (3.4.4)
Requirement already satisfied: urllib3<3,>=1.21.1 in /usr/local/lib/python3.12/site-packages (from requests->diffusers->-r /workspace/run/ComfyUI/custom_nodes/ComfyUI-LatentSyncWrapper/requirements.txt (line 1)) (2.6.3)
Requirement already satisfied: networkx>=3.0 in /usr/local/lib/python3.12/site-packages (from scikit-image->face-alignment->-r /workspace/run/ComfyUI/custom_nodes/ComfyUI-LatentSyncWrapper/requirements.txt (line 8)) (3.6.1)
Requirement already satisfied: imageio!=2.35.0,>=2.33 in /usr/local/lib/python3.12/site-packages (from scikit-image->face-alignment->-r /workspace/run/ComfyUI/custom_nodes/ComfyUI-LatentSyncWrapper/requirements.txt (line 8)) (2.37.2)
Requirement already satisfied: tifffile>=2022.8.12 in /usr/local/lib/python3.12/site-packages (from scikit-image->face-alignment->-r /workspace/run/ComfyUI/custom_nodes/ComfyUI-LatentSyncWrapper/requirements.txt (line 8)) (2026.1.14)
Requirement already satisfied: lazy-loader>=0.4 in /usr/local/lib/python3.12/site-packages (from scikit-image->face-alignment->-r /workspace/run/ComfyUI/custom_nodes/ComfyUI-LatentSyncWrapper/requirements.txt (line 8)) (0.4)
Requirement already satisfied: setuptools in /usr/local/lib/python3.12/site-packages (from torch->face-alignment->-r /workspace/run/ComfyUI/custom_nodes/ComfyUI-LatentSyncWrapper/requirements.txt (line 8)) (80.9.0)
Requirement already satisfied: sympy>=1.13.3 in /usr/local/lib/python3.12/site-packages (from torch->face-alignment->-r /workspace/run/ComfyUI/custom_nodes/ComfyUI-LatentSyncWrapper/requirements.txt (line 8)) (1.14.0)
Requirement already satisfied: jinja2 in /usr/local/lib/python3.12/site-packages (from torch->face-alignment->-r /workspace/run/ComfyUI/custom_nodes/ComfyUI-LatentSyncWrapper/requirements.txt (line 8)) (3.1.6)
Requirement already satisfied: nvidia-cuda-nvrtc-cu12==12.8.93 in /usr/local/lib/python3.12/site-packages (from torch->face-alignment->-r /workspace/run/ComfyUI/custom_nodes/ComfyUI-LatentSyncWrapper/requirements.txt (line 8)) (12.8.93)
Requirement already satisfied: nvidia-cuda-runtime-cu12==12.8.90 in /usr/local/lib/python3.12/site-packages (from torch->face-alignment->-r /workspace/run/ComfyUI/custom_nodes/ComfyUI-LatentSyncWrapper/requirements.txt (line 8)) (12.8.90)
Requirement already satisfied: nvidia-cuda-cupti-cu12==12.8.90 in /usr/local/lib/python3.12/site-packages (from torch->face-alignment->-r /workspace/run/ComfyUI/custom_nodes/ComfyUI-LatentSyncWrapper/requirements.txt (line 8)) (12.8.90)
Requirement already satisfied: nvidia-cudnn-cu12==9.10.2.21 in /usr/local/lib/python3.12/site-packages (from torch->face-alignment->-r /workspace/run/ComfyUI/custom_nodes/ComfyUI-LatentSyncWrapper/requirements.txt (line 8)) (9.10.2.21)
Requirement already satisfied: nvidia-cublas-cu12==12.8.4.1 in /usr/local/lib/python3.12/site-packages (from torch->face-alignment->-r /workspace/run/ComfyUI/custom_nodes/ComfyUI-LatentSyncWrapper/requirements.txt (line 8)) (12.8.4.1)
Requirement already satisfied: nvidia-cufft-cu12==11.3.3.83 in /usr/local/lib/python3.12/site-packages (from torch->face-alignment->-r /workspace/run/ComfyUI/custom_nodes/ComfyUI-LatentSyncWrapper/requirements.txt (line 8)) (11.3.3.83)
Requirement already satisfied: nvidia-curand-cu12==10.3.9.90 in /usr/local/lib/python3.12/site-packages (from torch->face-alignment->-r /workspace/run/ComfyUI/custom_nodes/ComfyUI-LatentSyncWrapper/requirements.txt (line 8)) (10.3.9.90)
Requirement already satisfied: nvidia-cusolver-cu12==11.7.3.90 in /usr/local/lib/python3.12/site-packages (from torch->face-alignment->-r /workspace/run/ComfyUI/custom_nodes/ComfyUI-LatentSyncWrapper/requirements.txt (line 8)) (11.7.3.90)
Requirement already satisfied: nvidia-cusparse-cu12==12.5.8.93 in /usr/local/lib/python3.12/site-packages (from torch->face-alignment->-r /workspace/run/ComfyUI/custom_nodes/ComfyUI-LatentSyncWrapper/requirements.txt (line 8)) (12.5.8.93)
Requirement already satisfied: nvidia-cusparselt-cu12==0.7.1 in /usr/local/lib/python3.12/site-packages (from torch->face-alignment->-r /workspace/run/ComfyUI/custom_nodes/ComfyUI-LatentSyncWrapper/requirements.txt (line 8)) (0.7.1)
Requirement already satisfied: nvidia-nccl-cu12==2.27.5 in /usr/local/lib/python3.12/site-packages (from torch->face-alignment->-r /workspace/run/ComfyUI/custom_nodes/ComfyUI-LatentSyncWrapper/requirements.txt (line 8)) (2.27.5)
Requirement already satisfied: nvidia-nvshmem-cu12==3.3.20 in /usr/local/lib/python3.12/site-packages (from torch->face-alignment->-r /workspace/run/ComfyUI/custom_nodes/ComfyUI-LatentSyncWrapper/requirements.txt (line 8)) (3.3.20)
Requirement already satisfied: nvidia-nvtx-cu12==12.8.90 in /usr/local/lib/python3.12/site-packages (from torch->face-alignment->-r /workspace/run/ComfyUI/custom_nodes/ComfyUI-LatentSyncWrapper/requirements.txt (line 8)) (12.8.90)
Requirement already satisfied: nvidia-nvjitlink-cu12==12.8.93 in /usr/local/lib/python3.12/site-packages (from torch->face-alignment->-r /workspace/run/ComfyUI/custom_nodes/ComfyUI-LatentSyncWrapper/requirements.txt (line 8)) (12.8.93)
Requirement already satisfied: nvidia-cufile-cu12==1.13.1.3 in /usr/local/lib/python3.12/site-packages (from torch->face-alignment->-r /workspace/run/ComfyUI/custom_nodes/ComfyUI-LatentSyncWrapper/requirements.txt (line 8)) (1.13.1.3)
Requirement already satisfied: triton==3.5.1 in /usr/local/lib/python3.12/site-packages (from torch->face-alignment->-r /workspace/run/ComfyUI/custom_nodes/ComfyUI-LatentSyncWrapper/requirements.txt (line 8)) (3.5.1)
Requirement already satisfied: mpmath<1.4,>=1.1.0 in /usr/local/lib/python3.12/site-packages (from sympy>=1.13.3->torch->face-alignment->-r /workspace/run/ComfyUI/custom_nodes/ComfyUI-LatentSyncWrapper/requirements.txt (line 8)) (1.3.0)
Requirement already satisfied: MarkupSafe>=2.0 in /usr/local/lib/python3.12/site-packages (from jinja2->torch->face-alignment->-r /workspace/run/ComfyUI/custom_nodes/ComfyUI-LatentSyncWrapper/requirements.txt (line 8)) (3.0.3)
Downloading face_alignment-1.4.1-py2.py3-none-any.whl (30 kB)
Downloading decord-0.6.0-py3-none-manylinux2010_x86_64.whl (13.6 MB)
   ━━━━━━━━━━━━━━━━━━━━━━━━━━━━━━━━━━━━━━━━ 13.6/13.6 MB 52.0 MB/s eta 0:00:00
Downloading ffmpeg_python-0.2.0-py3-none-any.whl (25 kB)
Downloading soundfile-0.13.1-py2.py3-none-manylinux_2_28_x86_64.whl (1.3 MB)
   ━━━━━━━━━━━━━━━━━━━━━━━━━━━━━━━━━━━━━━━━ 1.3/1.3 MB 16.2 MB/s eta 0:00:00
Downloading DeepCache-0.1.1-py3-none-any.whl (190 kB)
Downloading future-1.0.0-py3-none-any.whl (491 kB)
Downloading numba-0.63.1-cp312-cp312-manylinux2014_x86_64.manylinux_2_17_x86_64.whl (3.8 MB)
   ━━━━━━━━━━━━━━━━━━━━━━━━━━━━━━━━━━━━━━━━ 3.8/3.8 MB 9.6 MB/s eta 0:00:00
Downloading llvmlite-0.46.0-cp312-cp312-manylinux2014_x86_64.manylinux_2_17_x86_64.whl (56.3 MB)
   ━━━━━━━━━━━━━━━━━━━━━━━━━━━━━━━━━━━━━━━━ 56.3/56.3 MB 51.7 MB/s eta 0:00:00
Installing collected packages: llvmlite, future, decord, soundfile, numba, ffmpeg-python, face-alignment, DeepCache

Successfully installed DeepCache-0.1.1 decord-0.6.0 face-alignment-1.4.1 ffmpeg-python-0.2.0 future-1.0.0 llvmlite-0.46.0 numba-0.63.1 soundfile-0.13.1
WARNING: Running pip as the 'root' user can result in broken permissions and conflicting behaviour with the system package manager, possibly rendering your system unusable. It is recommended to use a virtual environment instead: https://pip.pypa.io/warnings/venv. Use the --root-user-action option if you know what you are doing and want to suppress this warning.
