Collecting git+https://github.com/facebookresearch/sam2 (from -r /workspace/run/ComfyUI/custom_nodes/ComfyUI-Impact-Pack/requirements.txt (line 10))
  Cloning https://github.com/facebookresearch/sam2 to /tmp/pip-req-build-uubvpb2a
  Running command git clone --filter=blob:none --quiet https://github.com/facebookresearch/sam2 /tmp/pip-req-build-uubvpb2a
  Resolved https://github.com/facebookresearch/sam2 to commit 2b90b9f5ceec907a1c18123530e92e794ad901a4
  Installing build dependencies: started
  Installing build dependencies: still running...
  Installing build dependencies: finished with status 'done'
  Getting requirements to build wheel: started
  Getting requirements to build wheel: finished with status 'done'
  Preparing metadata (pyproject.toml): started
  Preparing metadata (pyproject.toml): finished with status 'done'
Collecting segment-anything (from -r /workspace/run/ComfyUI/custom_nodes/ComfyUI-Impact-Pack/requirements.txt (line 1))
  Downloading segment_anything-1.0-py3-none-any.whl.metadata (487 bytes)
Collecting scikit-image (from -r /workspace/run/ComfyUI/custom_nodes/ComfyUI-Impact-Pack/requirements.txt (line 2))
  Downloading scikit_image-0.26.0-cp312-cp312-manylinux_2_24_x86_64.manylinux_2_28_x86_64.whl.metadata (15 kB)
Collecting piexif (from -r /workspace/run/ComfyUI/custom_nodes/ComfyUI-Impact-Pack/requirements.txt (line 3))
  Downloading piexif-1.1.3-py2.py3-none-any.whl.metadata (3.7 kB)
Requirement already satisfied: transformers in /usr/local/lib/python3.12/site-packages (from -r /workspace/run/ComfyUI/custom_nodes/ComfyUI-Impact-Pack/requirements.txt (line 4)) (4.57.6)
Requirement already satisfied: opencv-python-headless in /usr/local/lib/python3.12/site-packages (from -r /workspace/run/ComfyUI/custom_nodes/ComfyUI-Impact-Pack/requirements.txt (line 5)) (4.13.0.90)
Requirement already satisfied: scipy in /usr/local/lib/python3.12/site-packages (from -r /workspace/run/ComfyUI/custom_nodes/ComfyUI-Impact-Pack/requirements.txt (line 6)) (1.17.0)
Requirement already satisfied: numpy in /usr/local/lib/python3.12/site-packages (from -r /workspace/run/ComfyUI/custom_nodes/ComfyUI-Impact-Pack/requirements.txt (line 7)) (2.2.6)
Collecting dill (from -r /workspace/run/ComfyUI/custom_nodes/ComfyUI-Impact-Pack/requirements.txt (line 8))
  Downloading dill-0.4.1-py3-none-any.whl.metadata (10 kB)
Requirement already satisfied: matplotlib in /usr/local/lib/python3.12/site-packages (from -r /workspace/run/ComfyUI/custom_nodes/ComfyUI-Impact-Pack/requirements.txt (line 9)) (3.10.8)
Requirement already satisfied: torch>=2.5.1 in /usr/local/lib/python3.12/site-packages (from SAM-2==1.0->-r /workspace/run/ComfyUI/custom_nodes/ComfyUI-Impact-Pack/requirements.txt (line 10)) (2.9.1)
Requirement already satisfied: torchvision>=0.20.1 in /usr/local/lib/python3.12/site-packages (from SAM-2==1.0->-r /workspace/run/ComfyUI/custom_nodes/ComfyUI-Impact-Pack/requirements.txt (line 10)) (0.24.1)
Requirement already satisfied: tqdm>=4.66.1 in /usr/local/lib/python3.12/site-packages (from SAM-2==1.0->-r /workspace/run/ComfyUI/custom_nodes/ComfyUI-Impact-Pack/requirements.txt (line 10)) (4.67.1)
Collecting hydra-core>=1.3.2 (from SAM-2==1.0->-r /workspace/run/ComfyUI/custom_nodes/ComfyUI-Impact-Pack/requirements.txt (line 10))
  Downloading hydra_core-1.3.2-py3-none-any.whl.metadata (5.5 kB)
Collecting iopath>=0.1.10 (from SAM-2==1.0->-r /workspace/run/ComfyUI/custom_nodes/ComfyUI-Impact-Pack/requirements.txt (line 10))
  Downloading iopath-0.1.10.tar.gz (42 kB)
  Preparing metadata (setup.py): started
  Preparing metadata (setup.py): finished with status 'done'
Requirement already satisfied: pillow>=9.4.0 in /usr/local/lib/python3.12/site-packages (from SAM-2==1.0->-r /workspace/run/ComfyUI/custom_nodes/ComfyUI-Impact-Pack/requirements.txt (line 10)) (12.1.0)
Requirement already satisfied: networkx>=3.0 in /usr/local/lib/python3.12/site-packages (from scikit-image->-r /workspace/run/ComfyUI/custom_nodes/ComfyUI-Impact-Pack/requirements.txt (line 2)) (3.6.1)
Requirement already satisfied: imageio!=2.35.0,>=2.33 in /usr/local/lib/python3.12/site-packages (from scikit-image->-r /workspace/run/ComfyUI/custom_nodes/ComfyUI-Impact-Pack/requirements.txt (line 2)) (2.37.2)
Collecting tifffile>=2022.8.12 (from scikit-image->-r /workspace/run/ComfyUI/custom_nodes/ComfyUI-Impact-Pack/requirements.txt (line 2))
  Downloading tifffile-2026.1.14-py3-none-any.whl.metadata (30 kB)
Requirement already satisfied: packaging>=21 in /usr/local/lib/python3.12/site-packages (from scikit-image->-r /workspace/run/ComfyUI/custom_nodes/ComfyUI-Impact-Pack/requirements.txt (line 2)) (25.0)
Collecting lazy-loader>=0.4 (from scikit-image->-r /workspace/run/ComfyUI/custom_nodes/ComfyUI-Impact-Pack/requirements.txt (line 2))
  Downloading lazy_loader-0.4-py3-none-any.whl.metadata (7.6 kB)
Requirement already satisfied: filelock in /usr/local/lib/python3.12/site-packages (from transformers->-r /workspace/run/ComfyUI/custom_nodes/ComfyUI-Impact-Pack/requirements.txt (line 4)) (3.20.3)
Requirement already satisfied: huggingface-hub<1.0,>=0.34.0 in /usr/local/lib/python3.12/site-packages (from transformers->-r /workspace/run/ComfyUI/custom_nodes/ComfyUI-Impact-Pack/requirements.txt (line 4)) (0.36.0)
Requirement already satisfied: pyyaml>=5.1 in /usr/local/lib/python3.12/site-packages (from transformers->-r /workspace/run/ComfyUI/custom_nodes/ComfyUI-Impact-Pack/requirements.txt (line 4)) (6.0.3)
Requirement already satisfied: regex!=2019.12.17 in /usr/local/lib/python3.12/site-packages (from transformers->-r /workspace/run/ComfyUI/custom_nodes/ComfyUI-Impact-Pack/requirements.txt (line 4)) (2026.1.15)
Requirement already satisfied: requests in /usr/local/lib/python3.12/site-packages (from transformers->-r /workspace/run/ComfyUI/custom_nodes/ComfyUI-Impact-Pack/requirements.txt (line 4)) (2.32.5)
Requirement already satisfied: tokenizers<=0.23.0,>=0.22.0 in /usr/local/lib/python3.12/site-packages (from transformers->-r /workspace/run/ComfyUI/custom_nodes/ComfyUI-Impact-Pack/requirements.txt (line 4)) (0.22.2)
Requirement already satisfied: safetensors>=0.4.3 in /usr/local/lib/python3.12/site-packages (from transformers->-r /workspace/run/ComfyUI/custom_nodes/ComfyUI-Impact-Pack/requirements.txt (line 4)) (0.7.0)
Requirement already satisfied: fsspec>=2023.5.0 in /usr/local/lib/python3.12/site-packages (from huggingface-hub<1.0,>=0.34.0->transformers->-r /workspace/run/ComfyUI/custom_nodes/ComfyUI-Impact-Pack/requirements.txt (line 4)) (2026.1.0)
Requirement already satisfied: typing-extensions>=3.7.4.3 in /usr/local/lib/python3.12/site-packages (from huggingface-hub<1.0,>=0.34.0->transformers->-r /workspace/run/ComfyUI/custom_nodes/ComfyUI-Impact-Pack/requirements.txt (line 4)) (4.15.0)
Requirement already satisfied: hf-xet<2.0.0,>=1.1.3 in /usr/local/lib/python3.12/site-packages (from huggingface-hub<1.0,>=0.34.0->transformers->-r /workspace/run/ComfyUI/custom_nodes/ComfyUI-Impact-Pack/requirements.txt (line 4)) (1.2.0)
Requirement already satisfied: contourpy>=1.0.1 in /usr/local/lib/python3.12/site-packages (from matplotlib->-r /workspace/run/ComfyUI/custom_nodes/ComfyUI-Impact-Pack/requirements.txt (line 9)) (1.3.3)
Requirement already satisfied: cycler>=0.10 in /usr/local/lib/python3.12/site-packages (from matplotlib->-r /workspace/run/ComfyUI/custom_nodes/ComfyUI-Impact-Pack/requirements.txt (line 9)) (0.12.1)
Requirement already satisfied: fonttools>=4.22.0 in /usr/local/lib/python3.12/site-packages (from matplotlib->-r /workspace/run/ComfyUI/custom_nodes/ComfyUI-Impact-Pack/requirements.txt (line 9)) (4.61.1)
Requirement already satisfied: kiwisolver>=1.3.1 in /usr/local/lib/python3.12/site-packages (from matplotlib->-r /workspace/run/ComfyUI/custom_nodes/ComfyUI-Impact-Pack/requirements.txt (line 9)) (1.4.9)
Requirement already satisfied: pyparsing>=3 in /usr/local/lib/python3.12/site-packages (from matplotlib->-r /workspace/run/ComfyUI/custom_nodes/ComfyUI-Impact-Pack/requirements.txt (line 9)) (3.3.1)
Requirement already satisfied: python-dateutil>=2.7 in /usr/local/lib/python3.12/site-packages (from matplotlib->-r /workspace/run/ComfyUI/custom_nodes/ComfyUI-Impact-Pack/requirements.txt (line 9)) (2.9.0.post0)
Collecting omegaconf<2.4,>=2.2 (from hydra-core>=1.3.2->SAM-2==1.0->-r /workspace/run/ComfyUI/custom_nodes/ComfyUI-Impact-Pack/requirements.txt (line 10))
  Downloading omegaconf-2.3.0-py3-none-any.whl.metadata (3.9 kB)
Collecting antlr4-python3-runtime==4.9.* (from hydra-core>=1.3.2->SAM-2==1.0->-r /workspace/run/ComfyUI/custom_nodes/ComfyUI-Impact-Pack/requirements.txt (line 10))
  Downloading antlr4-python3-runtime-4.9.3.tar.gz (117 kB)
  Preparing metadata (setup.py): started
  Preparing metadata (setup.py): finished with status 'done'
Collecting portalocker (from iopath>=0.1.10->SAM-2==1.0->-r /workspace/run/ComfyUI/custom_nodes/ComfyUI-Impact-Pack/requirements.txt (line 10))
  Downloading portalocker-3.2.0-py3-none-any.whl.metadata (8.7 kB)
Requirement already satisfied: six>=1.5 in /usr/local/lib/python3.12/site-packages (from python-dateutil>=2.7->matplotlib->-r /workspace/run/ComfyUI/custom_nodes/ComfyUI-Impact-Pack/requirements.txt (line 9)) (1.17.0)
Requirement already satisfied: setuptools in /usr/local/lib/python3.12/site-packages (from torch>=2.5.1->SAM-2==1.0->-r /workspace/run/ComfyUI/custom_nodes/ComfyUI-Impact-Pack/requirements.txt (line 10)) (80.9.0)
Requirement already satisfied: sympy>=1.13.3 in /usr/local/lib/python3.12/site-packages (from torch>=2.5.1->SAM-2==1.0->-r /workspace/run/ComfyUI/custom_nodes/ComfyUI-Impact-Pack/requirements.txt (line 10)) (1.14.0)
Requirement already satisfied: jinja2 in /usr/local/lib/python3.12/site-packages (from torch>=2.5.1->SAM-2==1.0->-r /workspace/run/ComfyUI/custom_nodes/ComfyUI-Impact-Pack/requirements.txt (line 10)) (3.1.6)
Requirement already satisfied: nvidia-cuda-nvrtc-cu12==12.8.93 in /usr/local/lib/python3.12/site-packages (from torch>=2.5.1->SAM-2==1.0->-r /workspace/run/ComfyUI/custom_nodes/ComfyUI-Impact-Pack/requirements.txt (line 10)) (12.8.93)
Requirement already satisfied: nvidia-cuda-runtime-cu12==12.8.90 in /usr/local/lib/python3.12/site-packages (from torch>=2.5.1->SAM-2==1.0->-r /workspace/run/ComfyUI/custom_nodes/ComfyUI-Impact-Pack/requirements.txt (line 10)) (12.8.90)
Requirement already satisfied: nvidia-cuda-cupti-cu12==12.8.90 in /usr/local/lib/python3.12/site-packages (from torch>=2.5.1->SAM-2==1.0->-r /workspace/run/ComfyUI/custom_nodes/ComfyUI-Impact-Pack/requirements.txt (line 10)) (12.8.90)
Requirement already satisfied: nvidia-cudnn-cu12==9.10.2.21 in /usr/local/lib/python3.12/site-packages (from torch>=2.5.1->SAM-2==1.0->-r /workspace/run/ComfyUI/custom_nodes/ComfyUI-Impact-Pack/requirements.txt (line 10)) (9.10.2.21)
Requirement already satisfied: nvidia-cublas-cu12==12.8.4.1 in /usr/local/lib/python3.12/site-packages (from torch>=2.5.1->SAM-2==1.0->-r /workspace/run/ComfyUI/custom_nodes/ComfyUI-Impact-Pack/requirements.txt (line 10)) (12.8.4.1)
Requirement already satisfied: nvidia-cufft-cu12==11.3.3.83 in /usr/local/lib/python3.12/site-packages (from torch>=2.5.1->SAM-2==1.0->-r /workspace/run/ComfyUI/custom_nodes/ComfyUI-Impact-Pack/requirements.txt (line 10)) (11.3.3.83)
Requirement already satisfied: nvidia-curand-cu12==10.3.9.90 in /usr/local/lib/python3.12/site-packages (from torch>=2.5.1->SAM-2==1.0->-r /workspace/run/ComfyUI/custom_nodes/ComfyUI-Impact-Pack/requirements.txt (line 10)) (10.3.9.90)
Requirement already satisfied: nvidia-cusolver-cu12==11.7.3.90 in /usr/local/lib/python3.12/site-packages (from torch>=2.5.1->SAM-2==1.0->-r /workspace/run/ComfyUI/custom_nodes/ComfyUI-Impact-Pack/requirements.txt (line 10)) (11.7.3.90)
Requirement already satisfied: nvidia-cusparse-cu12==12.5.8.93 in /usr/local/lib/python3.12/site-packages (from torch>=2.5.1->SAM-2==1.0->-r /workspace/run/ComfyUI/custom_nodes/ComfyUI-Impact-Pack/requirements.txt (line 10)) (12.5.8.93)
Requirement already satisfied: nvidia-cusparselt-cu12==0.7.1 in /usr/local/lib/python3.12/site-packages (from torch>=2.5.1->SAM-2==1.0->-r /workspace/run/ComfyUI/custom_nodes/ComfyUI-Impact-Pack/requirements.txt (line 10)) (0.7.1)
Requirement already satisfied: nvidia-nccl-cu12==2.27.5 in /usr/local/lib/python3.12/site-packages (from torch>=2.5.1->SAM-2==1.0->-r /workspace/run/ComfyUI/custom_nodes/ComfyUI-Impact-Pack/requirements.txt (line 10)) (2.27.5)
Requirement already satisfied: nvidia-nvshmem-cu12==3.3.20 in /usr/local/lib/python3.12/site-packages (from torch>=2.5.1->SAM-2==1.0->-r /workspace/run/ComfyUI/custom_nodes/ComfyUI-Impact-Pack/requirements.txt (line 10)) (3.3.20)
Requirement already satisfied: nvidia-nvtx-cu12==12.8.90 in /usr/local/lib/python3.12/site-packages (from torch>=2.5.1->SAM-2==1.0->-r /workspace/run/ComfyUI/custom_nodes/ComfyUI-Impact-Pack/requirements.txt (line 10)) (12.8.90)
Requirement already satisfied: nvidia-nvjitlink-cu12==12.8.93 in /usr/local/lib/python3.12/site-packages (from torch>=2.5.1->SAM-2==1.0->-r /workspace/run/ComfyUI/custom_nodes/ComfyUI-Impact-Pack/requirements.txt (line 10)) (12.8.93)
Requirement already satisfied: nvidia-cufile-cu12==1.13.1.3 in /usr/local/lib/python3.12/site-packages (from torch>=2.5.1->SAM-2==1.0->-r /workspace/run/ComfyUI/custom_nodes/ComfyUI-Impact-Pack/requirements.txt (line 10)) (1.13.1.3)
Requirement already satisfied: triton==3.5.1 in /usr/local/lib/python3.12/site-packages (from torch>=2.5.1->SAM-2==1.0->-r /workspace/run/ComfyUI/custom_nodes/ComfyUI-Impact-Pack/requirements.txt (line 10)) (3.5.1)
Requirement already satisfied: mpmath<1.4,>=1.1.0 in /usr/local/lib/python3.12/site-packages (from sympy>=1.13.3->torch>=2.5.1->SAM-2==1.0->-r /workspace/run/ComfyUI/custom_nodes/ComfyUI-Impact-Pack/requirements.txt (line 10)) (1.3.0)
Requirement already satisfied: MarkupSafe>=2.0 in /usr/local/lib/python3.12/site-packages (from jinja2->torch>=2.5.1->SAM-2==1.0->-r /workspace/run/ComfyUI/custom_nodes/ComfyUI-Impact-Pack/requirements.txt (line 10)) (3.0.3)
Requirement already satisfied: charset_normalizer<4,>=2 in /usr/local/lib/python3.12/site-packages (from requests->transformers->-r /workspace/run/ComfyUI/custom_nodes/ComfyUI-Impact-Pack/requirements.txt (line 4)) (3.4.4)
Requirement already satisfied: idna<4,>=2.5 in /usr/local/lib/python3.12/site-packages (from requests->transformers->-r /workspace/run/ComfyUI/custom_nodes/ComfyUI-Impact-Pack/requirements.txt (line 4)) (3.11)
Requirement already satisfied: urllib3<3,>=1.21.1 in /usr/local/lib/python3.12/site-packages (from requests->transformers->-r /workspace/run/ComfyUI/custom_nodes/ComfyUI-Impact-Pack/requirements.txt (line 4)) (2.6.3)
Requirement already satisfied: certifi>=2017.4.17 in /usr/local/lib/python3.12/site-packages (from requests->transformers->-r /workspace/run/ComfyUI/custom_nodes/ComfyUI-Impact-Pack/requirements.txt (line 4)) (2026.1.4)
Downloading segment_anything-1.0-py3-none-any.whl (36 kB)
Downloading scikit_image-0.26.0-cp312-cp312-manylinux_2_24_x86_64.manylinux_2_28_x86_64.whl (13.6 MB)
   ━━━━━━━━━━━━━━━━━━━━━━━━━━━━━━━━━━━━━━━━ 13.6/13.6 MB 24.6 MB/s eta 0:00:00
Downloading piexif-1.1.3-py2.py3-none-any.whl (20 kB)
Downloading dill-0.4.1-py3-none-any.whl (120 kB)
Downloading hydra_core-1.3.2-py3-none-any.whl (154 kB)
Downloading omegaconf-2.3.0-py3-none-any.whl (79 kB)
Downloading lazy_loader-0.4-py3-none-any.whl (12 kB)
Downloading tifffile-2026.1.14-py3-none-any.whl (232 kB)
Downloading portalocker-3.2.0-py3-none-any.whl (22 kB)
Building wheels for collected packages: SAM-2, antlr4-python3-runtime, iopath
  Building wheel for SAM-2 (pyproject.toml): started
  Building wheel for SAM-2 (pyproject.toml): finished with status 'done'
  Created wheel for SAM-2: filename=sam_2-1.0-py3-none-any.whl size=181434 sha256=4cbf3dd43ceb18433fd33bc40a14a0667b8588c404a76a7f548cd40ca6a6da08
  Stored in directory: /tmp/pip-ephem-wheel-cache-z694zymz/wheels/53/42/6e/0cc240e3a26dbb838e1549e1410ebf131571f287c8e592dbc0
  DEPRECATION: Building 'antlr4-python3-runtime' using the legacy setup.py bdist_wheel mechanism, which will be removed in a future version. pip 25.3 will enforce this behaviour change. A possible replacement is to use the standardized build interface by setting the `--use-pep517` option, (possibly combined with `--no-build-isolation`), or adding a `pyproject.toml` file to the source tree of 'antlr4-python3-runtime'. Discussion can be found at https://github.com/pypa/pip/issues/6334
  Building wheel for antlr4-python3-runtime (setup.py): started
  Building wheel for antlr4-python3-runtime (setup.py): finished with status 'done'
  Created wheel for antlr4-python3-runtime: filename=antlr4_python3_runtime-4.9.3-py3-none-any.whl size=144591 sha256=64ec1b21aba76d455d88376434e47f0ba91416fca68267ece5396e03116717a6
  Stored in directory: /root/.cache/pip/wheels/1f/be/48/13754633f1d08d1fbfc60d5e80ae1e5d7329500477685286cd
  DEPRECATION: Building 'iopath' using the legacy setup.py bdist_wheel mechanism, which will be removed in a future version. pip 25.3 will enforce this behaviour change. A possible replacement is to use the standardized build interface by setting the `--use-pep517` option, (possibly combined with `--no-build-isolation`), or adding a `pyproject.toml` file to the source tree of 'iopath'. Discussion can be found at https://github.com/pypa/pip/issues/6334
  Building wheel for iopath (setup.py): started
  Building wheel for iopath (setup.py): finished with status 'done'
  Created wheel for iopath: filename=iopath-0.1.10-py3-none-any.whl size=31600 sha256=72456e1945581d3d0bf70a6972a26eeb529d97ba4af22bad86d5f4c84d7a3124
  Stored in directory: /root/.cache/pip/wheels/7c/96/04/4f5f31ff812f684f69f40cb1634357812220aac58d4698048c
Successfully built SAM-2 antlr4-python3-runtime iopath
Installing collected packages: segment-anything, antlr4-python3-runtime, tifffile, portalocker, piexif, omegaconf, lazy-loader, dill, scikit-image, iopath, hydra-core, SAM-2

Successfully installed SAM-2-1.0 antlr4-python3-runtime-4.9.3 dill-0.4.1 hydra-core-1.3.2 iopath-0.1.10 lazy-loader-0.4 omegaconf-2.3.0 piexif-1.1.3 portalocker-3.2.0 scikit-image-0.26.0 segment-anything-1.0 tifffile-2026.1.14
WARNING: Running pip as the 'root' user can result in broken permissions and conflicting behaviour with the system package manager, possibly rendering your system unusable. It is recommended to use a virtual environment instead: https://pip.pypa.io/warnings/venv. Use the --root-user-action option if you know what you are doing and want to suppress this warning.
