Collecting onnx (from -r /workspace/run/ComfyUI/custom_nodes/ComfyUI-WanAnimatePreprocess/requirements.txt (line 1))
  Downloading onnx-1.20.1-cp312-abi3-manylinux_2_27_x86_64.manylinux_2_28_x86_64.whl.metadata (8.4 kB)
Requirement already satisfied: onnxruntime-gpu in /usr/local/lib/python3.12/site-packages (from -r /workspace/run/ComfyUI/custom_nodes/ComfyUI-WanAnimatePreprocess/requirements.txt (line 2)) (1.23.2)
Requirement already satisfied: opencv-python in /usr/local/lib/python3.12/site-packages (from -r /workspace/run/ComfyUI/custom_nodes/ComfyUI-WanAnimatePreprocess/requirements.txt (line 3)) (4.13.0.90)
Requirement already satisfied: numpy>=1.23.2 in /usr/local/lib/python3.12/site-packages (from onnx->-r /workspace/run/ComfyUI/custom_nodes/ComfyUI-WanAnimatePreprocess/requirements.txt (line 1)) (2.2.6)
Requirement already satisfied: protobuf>=4.25.1 in /usr/local/lib/python3.12/site-packages (from onnx->-r /workspace/run/ComfyUI/custom_nodes/ComfyUI-WanAnimatePreprocess/requirements.txt (line 1)) (5.29.5)
Requirement already satisfied: typing_extensions>=4.7.1 in /usr/local/lib/python3.12/site-packages (from onnx->-r /workspace/run/ComfyUI/custom_nodes/ComfyUI-WanAnimatePreprocess/requirements.txt (line 1)) (4.15.0)
Collecting ml_dtypes>=0.5.0 (from onnx->-r /workspace/run/ComfyUI/custom_nodes/ComfyUI-WanAnimatePreprocess/requirements.txt (line 1))
  Downloading ml_dtypes-0.5.4-cp312-cp312-manylinux_2_27_x86_64.manylinux_2_28_x86_64.whl.metadata (8.9 kB)
Requirement already satisfied: coloredlogs in /usr/local/lib/python3.12/site-packages (from onnxruntime-gpu->-r /workspace/run/ComfyUI/custom_nodes/ComfyUI-WanAnimatePreprocess/requirements.txt (line 2)) (15.0.1)
Requirement already satisfied: flatbuffers in /usr/local/lib/python3.12/site-packages (from onnxruntime-gpu->-r /workspace/run/ComfyUI/custom_nodes/ComfyUI-WanAnimatePreprocess/requirements.txt (line 2)) (25.12.19)
Requirement already satisfied: packaging in /usr/local/lib/python3.12/site-packages (from onnxruntime-gpu->-r /workspace/run/ComfyUI/custom_nodes/ComfyUI-WanAnimatePreprocess/requirements.txt (line 2)) (25.0)
Requirement already satisfied: sympy in /usr/local/lib/python3.12/site-packages (from onnxruntime-gpu->-r /workspace/run/ComfyUI/custom_nodes/ComfyUI-WanAnimatePreprocess/requirements.txt (line 2)) (1.14.0)
Requirement already satisfied: humanfriendly>=9.1 in /usr/local/lib/python3.12/site-packages (from coloredlogs->onnxruntime-gpu->-r /workspace/run/ComfyUI/custom_nodes/ComfyUI-WanAnimatePreprocess/requirements.txt (line 2)) (10.0)
Requirement already satisfied: mpmath<1.4,>=1.1.0 in /usr/local/lib/python3.12/site-packages (from sympy->onnxruntime-gpu->-r /workspace/run/ComfyUI/custom_nodes/ComfyUI-WanAnimatePreprocess/requirements.txt (line 2)) (1.3.0)
Downloading onnx-1.20.1-cp312-abi3-manylinux_2_27_x86_64.manylinux_2_28_x86_64.whl (17.5 MB)
   ━━━━━━━━━━━━━━━━━━━━━━━━━━━━━━━━━━━━━━━━ 17.5/17.5 MB 31.9 MB/s eta 0:00:00
Downloading ml_dtypes-0.5.4-cp312-cp312-manylinux_2_27_x86_64.manylinux_2_28_x86_64.whl (5.0 MB)
   ━━━━━━━━━━━━━━━━━━━━━━━━━━━━━━━━━━━━━━━━ 5.0/5.0 MB 32.1 MB/s eta 0:00:00
Installing collected packages: ml_dtypes, onnx

Successfully installed ml_dtypes-0.5.4 onnx-1.20.1
WARNING: Running pip as the 'root' user can result in broken permissions and conflicting behaviour with the system package manager, possibly rendering your system unusable. It is recommended to use a virtual environment instead: https://pip.pypa.io/warnings/venv. Use the --root-user-action option if you know what you are doing and want to suppress this warning.
