Collecting diffusers (from -r /workspace/run/ComfyUI/custom_nodes/ComfyUI-Easy-Use/requirements.txt (line 1))
  Downloading diffusers-0.36.0-py3-none-any.whl.metadata (20 kB)
Collecting accelerate (from -r /workspace/run/ComfyUI/custom_nodes/ComfyUI-Easy-Use/requirements.txt (line 2))
  Downloading accelerate-1.12.0-py3-none-any.whl.metadata (19 kB)
Collecting clip_interrogator>=0.6.0 (from -r /workspace/run/ComfyUI/custom_nodes/ComfyUI-Easy-Use/requirements.txt (line 3))
  Downloading clip_interrogator-0.6.0-py3-none-any.whl.metadata (4.9 kB)
Collecting lark (from -r /workspace/run/ComfyUI/custom_nodes/ComfyUI-Easy-Use/requirements.txt (line 4))
  Downloading lark-1.3.1-py3-none-any.whl.metadata (1.8 kB)
Collecting onnxruntime (from -r /workspace/run/ComfyUI/custom_nodes/ComfyUI-Easy-Use/requirements.txt (line 5))
  Downloading onnxruntime-1.23.2-cp312-cp312-manylinux_2_27_x86_64.manylinux_2_28_x86_64.whl.metadata (5.1 kB)
Requirement already satisfied: opencv-python-headless in /usr/local/lib/python3.12/site-packages (from -r /workspace/run/ComfyUI/custom_nodes/ComfyUI-Easy-Use/requirements.txt (line 6)) (4.13.0.90)
Requirement already satisfied: sentencepiece in /usr/local/lib/python3.12/site-packages (from -r /workspace/run/ComfyUI/custom_nodes/ComfyUI-Easy-Use/requirements.txt (line 7)) (0.2.1)
Requirement already satisfied: spandrel in /usr/local/lib/python3.12/site-packages (from -r /workspace/run/ComfyUI/custom_nodes/ComfyUI-Easy-Use/requirements.txt (line 8)) (0.4.1)
Requirement already satisfied: matplotlib in /usr/local/lib/python3.12/site-packages (from -r /workspace/run/ComfyUI/custom_nodes/ComfyUI-Easy-Use/requirements.txt (line 9)) (3.10.8)
Collecting peft (from -r /workspace/run/ComfyUI/custom_nodes/ComfyUI-Easy-Use/requirements.txt (line 10))
  Downloading peft-0.18.1-py3-none-any.whl.metadata (14 kB)
Requirement already satisfied: importlib_metadata in /usr/local/lib/python3.12/site-packages (from diffusers->-r /workspace/run/ComfyUI/custom_nodes/ComfyUI-Easy-Use/requirements.txt (line 1)) (8.7.1)
Requirement already satisfied: filelock in /usr/local/lib/python3.12/site-packages (from diffusers->-r /workspace/run/ComfyUI/custom_nodes/ComfyUI-Easy-Use/requirements.txt (line 1)) (3.20.3)
Requirement already satisfied: httpx<1.0.0 in /usr/local/lib/python3.12/site-packages (from diffusers->-r /workspace/run/ComfyUI/custom_nodes/ComfyUI-Easy-Use/requirements.txt (line 1)) (0.28.1)
Requirement already satisfied: huggingface-hub<2.0,>=0.34.0 in /usr/local/lib/python3.12/site-packages (from diffusers->-r /workspace/run/ComfyUI/custom_nodes/ComfyUI-Easy-Use/requirements.txt (line 1)) (0.36.0)
Requirement already satisfied: numpy in /usr/local/lib/python3.12/site-packages (from diffusers->-r /workspace/run/ComfyUI/custom_nodes/ComfyUI-Easy-Use/requirements.txt (line 1)) (2.2.6)
Requirement already satisfied: regex!=2019.12.17 in /usr/local/lib/python3.12/site-packages (from diffusers->-r /workspace/run/ComfyUI/custom_nodes/ComfyUI-Easy-Use/requirements.txt (line 1)) (2026.1.15)
Requirement already satisfied: requests in /usr/local/lib/python3.12/site-packages (from diffusers->-r /workspace/run/ComfyUI/custom_nodes/ComfyUI-Easy-Use/requirements.txt (line 1)) (2.32.5)
Requirement already satisfied: safetensors>=0.3.1 in /usr/local/lib/python3.12/site-packages (from diffusers->-r /workspace/run/ComfyUI/custom_nodes/ComfyUI-Easy-Use/requirements.txt (line 1)) (0.7.0)
Requirement already satisfied: Pillow in /usr/local/lib/python3.12/site-packages (from diffusers->-r /workspace/run/ComfyUI/custom_nodes/ComfyUI-Easy-Use/requirements.txt (line 1)) (12.1.0)
Requirement already satisfied: anyio in /usr/local/lib/python3.12/site-packages (from httpx<1.0.0->diffusers->-r /workspace/run/ComfyUI/custom_nodes/ComfyUI-Easy-Use/requirements.txt (line 1)) (4.12.1)
Requirement already satisfied: certifi in /usr/local/lib/python3.12/site-packages (from httpx<1.0.0->diffusers->-r /workspace/run/ComfyUI/custom_nodes/ComfyUI-Easy-Use/requirements.txt (line 1)) (2026.1.4)
Requirement already satisfied: httpcore==1.* in /usr/local/lib/python3.12/site-packages (from httpx<1.0.0->diffusers->-r /workspace/run/ComfyUI/custom_nodes/ComfyUI-Easy-Use/requirements.txt (line 1)) (1.0.9)
Requirement already satisfied: idna in /usr/local/lib/python3.12/site-packages (from httpx<1.0.0->diffusers->-r /workspace/run/ComfyUI/custom_nodes/ComfyUI-Easy-Use/requirements.txt (line 1)) (3.11)
Requirement already satisfied: h11>=0.16 in /usr/local/lib/python3.12/site-packages (from httpcore==1.*->httpx<1.0.0->diffusers->-r /workspace/run/ComfyUI/custom_nodes/ComfyUI-Easy-Use/requirements.txt (line 1)) (0.16.0)
Requirement already satisfied: fsspec>=2023.5.0 in /usr/local/lib/python3.12/site-packages (from huggingface-hub<2.0,>=0.34.0->diffusers->-r /workspace/run/ComfyUI/custom_nodes/ComfyUI-Easy-Use/requirements.txt (line 1)) (2026.1.0)
Requirement already satisfied: packaging>=20.9 in /usr/local/lib/python3.12/site-packages (from huggingface-hub<2.0,>=0.34.0->diffusers->-r /workspace/run/ComfyUI/custom_nodes/ComfyUI-Easy-Use/requirements.txt (line 1)) (25.0)
Requirement already satisfied: pyyaml>=5.1 in /usr/local/lib/python3.12/site-packages (from huggingface-hub<2.0,>=0.34.0->diffusers->-r /workspace/run/ComfyUI/custom_nodes/ComfyUI-Easy-Use/requirements.txt (line 1)) (6.0.3)
Requirement already satisfied: tqdm>=4.42.1 in /usr/local/lib/python3.12/site-packages (from huggingface-hub<2.0,>=0.34.0->diffusers->-r /workspace/run/ComfyUI/custom_nodes/ComfyUI-Easy-Use/requirements.txt (line 1)) (4.67.1)
Requirement already satisfied: typing-extensions>=3.7.4.3 in /usr/local/lib/python3.12/site-packages (from huggingface-hub<2.0,>=0.34.0->diffusers->-r /workspace/run/ComfyUI/custom_nodes/ComfyUI-Easy-Use/requirements.txt (line 1)) (4.15.0)
Requirement already satisfied: hf-xet<2.0.0,>=1.1.3 in /usr/local/lib/python3.12/site-packages (from huggingface-hub<2.0,>=0.34.0->diffusers->-r /workspace/run/ComfyUI/custom_nodes/ComfyUI-Easy-Use/requirements.txt (line 1)) (1.2.0)
Requirement already satisfied: psutil in /usr/local/lib/python3.12/site-packages (from accelerate->-r /workspace/run/ComfyUI/custom_nodes/ComfyUI-Easy-Use/requirements.txt (line 2)) (7.2.1)
Requirement already satisfied: torch>=2.0.0 in /usr/local/lib/python3.12/site-packages (from accelerate->-r /workspace/run/ComfyUI/custom_nodes/ComfyUI-Easy-Use/requirements.txt (line 2)) (2.9.1)
Requirement already satisfied: torchvision in /usr/local/lib/python3.12/site-packages (from clip_interrogator>=0.6.0->-r /workspace/run/ComfyUI/custom_nodes/ComfyUI-Easy-Use/requirements.txt (line 3)) (0.24.1)
Collecting open-clip-torch (from clip_interrogator>=0.6.0->-r /workspace/run/ComfyUI/custom_nodes/ComfyUI-Easy-Use/requirements.txt (line 3))
  Downloading open_clip_torch-3.2.0-py3-none-any.whl.metadata (32 kB)
Requirement already satisfied: transformers>=4.27.1 in /usr/local/lib/python3.12/site-packages (from clip_interrogator>=0.6.0->-r /workspace/run/ComfyUI/custom_nodes/ComfyUI-Easy-Use/requirements.txt (line 3)) (4.57.6)
Collecting coloredlogs (from onnxruntime->-r /workspace/run/ComfyUI/custom_nodes/ComfyUI-Easy-Use/requirements.txt (line 5))
  Downloading coloredlogs-15.0.1-py2.py3-none-any.whl.metadata (12 kB)
Requirement already satisfied: flatbuffers in /usr/local/lib/python3.12/site-packages (from onnxruntime->-r /workspace/run/ComfyUI/custom_nodes/ComfyUI-Easy-Use/requirements.txt (line 5)) (25.12.19)
Collecting protobuf (from onnxruntime->-r /workspace/run/ComfyUI/custom_nodes/ComfyUI-Easy-Use/requirements.txt (line 5))
  Downloading protobuf-6.33.4-cp39-abi3-manylinux2014_x86_64.whl.metadata (593 bytes)
Requirement already satisfied: sympy in /usr/local/lib/python3.12/site-packages (from onnxruntime->-r /workspace/run/ComfyUI/custom_nodes/ComfyUI-Easy-Use/requirements.txt (line 5)) (1.14.0)
Requirement already satisfied: einops in /usr/local/lib/python3.12/site-packages (from spandrel->-r /workspace/run/ComfyUI/custom_nodes/ComfyUI-Easy-Use/requirements.txt (line 8)) (0.8.1)
Requirement already satisfied: contourpy>=1.0.1 in /usr/local/lib/python3.12/site-packages (from matplotlib->-r /workspace/run/ComfyUI/custom_nodes/ComfyUI-Easy-Use/requirements.txt (line 9)) (1.3.3)
Requirement already satisfied: cycler>=0.10 in /usr/local/lib/python3.12/site-packages (from matplotlib->-r /workspace/run/ComfyUI/custom_nodes/ComfyUI-Easy-Use/requirements.txt (line 9)) (0.12.1)
Requirement already satisfied: fonttools>=4.22.0 in /usr/local/lib/python3.12/site-packages (from matplotlib->-r /workspace/run/ComfyUI/custom_nodes/ComfyUI-Easy-Use/requirements.txt (line 9)) (4.61.1)
Requirement already satisfied: kiwisolver>=1.3.1 in /usr/local/lib/python3.12/site-packages (from matplotlib->-r /workspace/run/ComfyUI/custom_nodes/ComfyUI-Easy-Use/requirements.txt (line 9)) (1.4.9)
Requirement already satisfied: pyparsing>=3 in /usr/local/lib/python3.12/site-packages (from matplotlib->-r /workspace/run/ComfyUI/custom_nodes/ComfyUI-Easy-Use/requirements.txt (line 9)) (3.3.1)
Requirement already satisfied: python-dateutil>=2.7 in /usr/local/lib/python3.12/site-packages (from matplotlib->-r /workspace/run/ComfyUI/custom_nodes/ComfyUI-Easy-Use/requirements.txt (line 9)) (2.9.0.post0)
Requirement already satisfied: six>=1.5 in /usr/local/lib/python3.12/site-packages (from python-dateutil>=2.7->matplotlib->-r /workspace/run/ComfyUI/custom_nodes/ComfyUI-Easy-Use/requirements.txt (line 9)) (1.17.0)
Requirement already satisfied: setuptools in /usr/local/lib/python3.12/site-packages (from torch>=2.0.0->accelerate->-r /workspace/run/ComfyUI/custom_nodes/ComfyUI-Easy-Use/requirements.txt (line 2)) (80.9.0)
Requirement already satisfied: networkx>=2.5.1 in /usr/local/lib/python3.12/site-packages (from torch>=2.0.0->accelerate->-r /workspace/run/ComfyUI/custom_nodes/ComfyUI-Easy-Use/requirements.txt (line 2)) (3.6.1)
Requirement already satisfied: jinja2 in /usr/local/lib/python3.12/site-packages (from torch>=2.0.0->accelerate->-r /workspace/run/ComfyUI/custom_nodes/ComfyUI-Easy-Use/requirements.txt (line 2)) (3.1.6)
Requirement already satisfied: nvidia-cuda-nvrtc-cu12==12.8.93 in /usr/local/lib/python3.12/site-packages (from torch>=2.0.0->accelerate->-r /workspace/run/ComfyUI/custom_nodes/ComfyUI-Easy-Use/requirements.txt (line 2)) (12.8.93)
Requirement already satisfied: nvidia-cuda-runtime-cu12==12.8.90 in /usr/local/lib/python3.12/site-packages (from torch>=2.0.0->accelerate->-r /workspace/run/ComfyUI/custom_nodes/ComfyUI-Easy-Use/requirements.txt (line 2)) (12.8.90)
Requirement already satisfied: nvidia-cuda-cupti-cu12==12.8.90 in /usr/local/lib/python3.12/site-packages (from torch>=2.0.0->accelerate->-r /workspace/run/ComfyUI/custom_nodes/ComfyUI-Easy-Use/requirements.txt (line 2)) (12.8.90)
Requirement already satisfied: nvidia-cudnn-cu12==9.10.2.21 in /usr/local/lib/python3.12/site-packages (from torch>=2.0.0->accelerate->-r /workspace/run/ComfyUI/custom_nodes/ComfyUI-Easy-Use/requirements.txt (line 2)) (9.10.2.21)
Requirement already satisfied: nvidia-cublas-cu12==12.8.4.1 in /usr/local/lib/python3.12/site-packages (from torch>=2.0.0->accelerate->-r /workspace/run/ComfyUI/custom_nodes/ComfyUI-Easy-Use/requirements.txt (line 2)) (12.8.4.1)
Requirement already satisfied: nvidia-cufft-cu12==11.3.3.83 in /usr/local/lib/python3.12/site-packages (from torch>=2.0.0->accelerate->-r /workspace/run/ComfyUI/custom_nodes/ComfyUI-Easy-Use/requirements.txt (line 2)) (11.3.3.83)
Requirement already satisfied: nvidia-curand-cu12==10.3.9.90 in /usr/local/lib/python3.12/site-packages (from torch>=2.0.0->accelerate->-r /workspace/run/ComfyUI/custom_nodes/ComfyUI-Easy-Use/requirements.txt (line 2)) (10.3.9.90)
Requirement already satisfied: nvidia-cusolver-cu12==11.7.3.90 in /usr/local/lib/python3.12/site-packages (from torch>=2.0.0->accelerate->-r /workspace/run/ComfyUI/custom_nodes/ComfyUI-Easy-Use/requirements.txt (line 2)) (11.7.3.90)
Requirement already satisfied: nvidia-cusparse-cu12==12.5.8.93 in /usr/local/lib/python3.12/site-packages (from torch>=2.0.0->accelerate->-r /workspace/run/ComfyUI/custom_nodes/ComfyUI-Easy-Use/requirements.txt (line 2)) (12.5.8.93)
Requirement already satisfied: nvidia-cusparselt-cu12==0.7.1 in /usr/local/lib/python3.12/site-packages (from torch>=2.0.0->accelerate->-r /workspace/run/ComfyUI/custom_nodes/ComfyUI-Easy-Use/requirements.txt (line 2)) (0.7.1)
Requirement already satisfied: nvidia-nccl-cu12==2.27.5 in /usr/local/lib/python3.12/site-packages (from torch>=2.0.0->accelerate->-r /workspace/run/ComfyUI/custom_nodes/ComfyUI-Easy-Use/requirements.txt (line 2)) (2.27.5)
Requirement already satisfied: nvidia-nvshmem-cu12==3.3.20 in /usr/local/lib/python3.12/site-packages (from torch>=2.0.0->accelerate->-r /workspace/run/ComfyUI/custom_nodes/ComfyUI-Easy-Use/requirements.txt (line 2)) (3.3.20)
Requirement already satisfied: nvidia-nvtx-cu12==12.8.90 in /usr/local/lib/python3.12/site-packages (from torch>=2.0.0->accelerate->-r /workspace/run/ComfyUI/custom_nodes/ComfyUI-Easy-Use/requirements.txt (line 2)) (12.8.90)
Requirement already satisfied: nvidia-nvjitlink-cu12==12.8.93 in /usr/local/lib/python3.12/site-packages (from torch>=2.0.0->accelerate->-r /workspace/run/ComfyUI/custom_nodes/ComfyUI-Easy-Use/requirements.txt (line 2)) (12.8.93)
Requirement already satisfied: nvidia-cufile-cu12==1.13.1.3 in /usr/local/lib/python3.12/site-packages (from torch>=2.0.0->accelerate->-r /workspace/run/ComfyUI/custom_nodes/ComfyUI-Easy-Use/requirements.txt (line 2)) (1.13.1.3)
Requirement already satisfied: triton==3.5.1 in /usr/local/lib/python3.12/site-packages (from torch>=2.0.0->accelerate->-r /workspace/run/ComfyUI/custom_nodes/ComfyUI-Easy-Use/requirements.txt (line 2)) (3.5.1)
Requirement already satisfied: mpmath<1.4,>=1.1.0 in /usr/local/lib/python3.12/site-packages (from sympy->onnxruntime->-r /workspace/run/ComfyUI/custom_nodes/ComfyUI-Easy-Use/requirements.txt (line 5)) (1.3.0)
Requirement already satisfied: tokenizers<=0.23.0,>=0.22.0 in /usr/local/lib/python3.12/site-packages (from transformers>=4.27.1->clip_interrogator>=0.6.0->-r /workspace/run/ComfyUI/custom_nodes/ComfyUI-Easy-Use/requirements.txt (line 3)) (0.22.2)
Collecting humanfriendly>=9.1 (from coloredlogs->onnxruntime->-r /workspace/run/ComfyUI/custom_nodes/ComfyUI-Easy-Use/requirements.txt (line 5))
  Downloading humanfriendly-10.0-py2.py3-none-any.whl.metadata (9.2 kB)
Requirement already satisfied: zipp>=3.20 in /usr/local/lib/python3.12/site-packages (from importlib_metadata->diffusers->-r /workspace/run/ComfyUI/custom_nodes/ComfyUI-Easy-Use/requirements.txt (line 1)) (3.23.0)
Requirement already satisfied: MarkupSafe>=2.0 in /usr/local/lib/python3.12/site-packages (from jinja2->torch>=2.0.0->accelerate->-r /workspace/run/ComfyUI/custom_nodes/ComfyUI-Easy-Use/requirements.txt (line 2)) (3.0.3)
Requirement already satisfied: ftfy in /usr/local/lib/python3.12/site-packages (from open-clip-torch->clip_interrogator>=0.6.0->-r /workspace/run/ComfyUI/custom_nodes/ComfyUI-Easy-Use/requirements.txt (line 3)) (6.3.1)
Collecting timm>=1.0.17 (from open-clip-torch->clip_interrogator>=0.6.0->-r /workspace/run/ComfyUI/custom_nodes/ComfyUI-Easy-Use/requirements.txt (line 3))
  Downloading timm-1.0.24-py3-none-any.whl.metadata (38 kB)
Requirement already satisfied: wcwidth in /usr/local/lib/python3.12/site-packages (from ftfy->open-clip-torch->clip_interrogator>=0.6.0->-r /workspace/run/ComfyUI/custom_nodes/ComfyUI-Easy-Use/requirements.txt (line 3)) (0.2.14)
Requirement already satisfied: charset_normalizer<4,>=2 in /usr/local/lib/python3.12/site-packages (from requests->diffusers->-r /workspace/run/ComfyUI/custom_nodes/ComfyUI-Easy-Use/requirements.txt (line 1)) (3.4.4)
Requirement already satisfied: urllib3<3,>=1.21.1 in /usr/local/lib/python3.12/site-packages (from requests->diffusers->-r /workspace/run/ComfyUI/custom_nodes/ComfyUI-Easy-Use/requirements.txt (line 1)) (2.6.3)
Downloading diffusers-0.36.0-py3-none-any.whl (4.6 MB)
   ━━━━━━━━━━━━━━━━━━━━━━━━━━━━━━━━━━━━━━━━ 4.6/4.6 MB 32.1 MB/s eta 0:00:00
Downloading accelerate-1.12.0-py3-none-any.whl (380 kB)
Downloading clip_interrogator-0.6.0-py3-none-any.whl (787 kB)
   ━━━━━━━━━━━━━━━━━━━━━━━━━━━━━━━━━━━━━━━━ 787.8/787.8 kB 13.1 MB/s eta 0:00:00
Downloading lark-1.3.1-py3-none-any.whl (113 kB)
Downloading onnxruntime-1.23.2-cp312-cp312-manylinux_2_27_x86_64.manylinux_2_28_x86_64.whl (17.4 MB)
   ━━━━━━━━━━━━━━━━━━━━━━━━━━━━━━━━━━━━━━━━ 17.4/17.4 MB 48.3 MB/s eta 0:00:00
Downloading peft-0.18.1-py3-none-any.whl (556 kB)
   ━━━━━━━━━━━━━━━━━━━━━━━━━━━━━━━━━━━━━━━━ 557.0/557.0 kB 8.4 MB/s eta 0:00:00
Downloading coloredlogs-15.0.1-py2.py3-none-any.whl (46 kB)
Downloading humanfriendly-10.0-py2.py3-none-any.whl (86 kB)
Downloading open_clip_torch-3.2.0-py3-none-any.whl (1.5 MB)
   ━━━━━━━━━━━━━━━━━━━━━━━━━━━━━━━━━━━━━━━━ 1.5/1.5 MB 22.3 MB/s eta 0:00:00
Downloading timm-1.0.24-py3-none-any.whl (2.6 MB)
   ━━━━━━━━━━━━━━━━━━━━━━━━━━━━━━━━━━━━━━━━ 2.6/2.6 MB 26.8 MB/s eta 0:00:00
Downloading protobuf-6.33.4-cp39-abi3-manylinux2014_x86_64.whl (323 kB)
Installing collected packages: protobuf, lark, humanfriendly, coloredlogs, onnxruntime, diffusers, accelerate, timm, peft, open-clip-torch, clip_interrogator

Successfully installed accelerate-1.12.0 clip_interrogator-0.6.0 coloredlogs-15.0.1 diffusers-0.36.0 humanfriendly-10.0 lark-1.3.1 onnxruntime-1.23.2 open-clip-torch-3.2.0 peft-0.18.1 protobuf-6.33.4 timm-1.0.24
WARNING: Running pip as the 'root' user can result in broken permissions and conflicting behaviour with the system package manager, possibly rendering your system unusable. It is recommended to use a virtual environment instead: https://pip.pypa.io/warnings/venv. Use the --root-user-action option if you know what you are doing and want to suppress this warning.
