Requirement already satisfied: torch in /usr/local/lib/python3.12/site-packages (from -r /workspace/run/ComfyUI/custom_nodes/comfyui_controlnet_aux/requirements.txt (line 1)) (2.9.1)
Collecting importlib_metadata (from -r /workspace/run/ComfyUI/custom_nodes/comfyui_controlnet_aux/requirements.txt (line 2))
  Downloading importlib_metadata-8.7.1-py3-none-any.whl.metadata (4.7 kB)
Requirement already satisfied: huggingface_hub in /usr/local/lib/python3.12/site-packages (from -r /workspace/run/ComfyUI/custom_nodes/comfyui_controlnet_aux/requirements.txt (line 3)) (0.36.0)
Requirement already satisfied: scipy in /usr/local/lib/python3.12/site-packages (from -r /workspace/run/ComfyUI/custom_nodes/comfyui_controlnet_aux/requirements.txt (line 4)) (1.17.0)
Requirement already satisfied: opencv-python>=4.7.0.72 in /usr/local/lib/python3.12/site-packages (from -r /workspace/run/ComfyUI/custom_nodes/comfyui_controlnet_aux/requirements.txt (line 5)) (4.13.0.90)
Requirement already satisfied: filelock in /usr/local/lib/python3.12/site-packages (from -r /workspace/run/ComfyUI/custom_nodes/comfyui_controlnet_aux/requirements.txt (line 6)) (3.20.3)
Requirement already satisfied: numpy in /usr/local/lib/python3.12/site-packages (from -r /workspace/run/ComfyUI/custom_nodes/comfyui_controlnet_aux/requirements.txt (line 7)) (2.2.6)
Requirement already satisfied: Pillow in /usr/local/lib/python3.12/site-packages (from -r /workspace/run/ComfyUI/custom_nodes/comfyui_controlnet_aux/requirements.txt (line 8)) (12.1.0)
Requirement already satisfied: einops in /usr/local/lib/python3.12/site-packages (from -r /workspace/run/ComfyUI/custom_nodes/comfyui_controlnet_aux/requirements.txt (line 9)) (0.8.1)
Requirement already satisfied: torchvision in /usr/local/lib/python3.12/site-packages (from -r /workspace/run/ComfyUI/custom_nodes/comfyui_controlnet_aux/requirements.txt (line 10)) (0.24.1)
Requirement already satisfied: pyyaml in /usr/local/lib/python3.12/site-packages (from -r /workspace/run/ComfyUI/custom_nodes/comfyui_controlnet_aux/requirements.txt (line 11)) (6.0.3)
Requirement already satisfied: scikit-image in /usr/local/lib/python3.12/site-packages (from -r /workspace/run/ComfyUI/custom_nodes/comfyui_controlnet_aux/requirements.txt (line 12)) (0.26.0)
Requirement already satisfied: python-dateutil in /usr/local/lib/python3.12/site-packages (from -r /workspace/run/ComfyUI/custom_nodes/comfyui_controlnet_aux/requirements.txt (line 13)) (2.9.0.post0)
Collecting mediapipe (from -r /workspace/run/ComfyUI/custom_nodes/comfyui_controlnet_aux/requirements.txt (line 14))
  Downloading mediapipe-0.10.31-py3-none-manylinux_2_28_x86_64.whl.metadata (9.7 kB)
Collecting fvcore (from -r /workspace/run/ComfyUI/custom_nodes/comfyui_controlnet_aux/requirements.txt (line 15))
  Downloading fvcore-0.1.5.post20221221.tar.gz (50 kB)
  Preparing metadata (setup.py): started
  Preparing metadata (setup.py): finished with status 'done'
Collecting yapf (from -r /workspace/run/ComfyUI/custom_nodes/comfyui_controlnet_aux/requirements.txt (line 16))
  Downloading yapf-0.43.0-py3-none-any.whl.metadata (46 kB)
Requirement already satisfied: omegaconf in /usr/local/lib/python3.12/site-packages (from -r /workspace/run/ComfyUI/custom_nodes/comfyui_controlnet_aux/requirements.txt (line 17)) (2.3.0)
Collecting ftfy (from -r /workspace/run/ComfyUI/custom_nodes/comfyui_controlnet_aux/requirements.txt (line 18))
  Downloading ftfy-6.3.1-py3-none-any.whl.metadata (7.3 kB)
Collecting addict (from -r /workspace/run/ComfyUI/custom_nodes/comfyui_controlnet_aux/requirements.txt (line 19))
  Downloading addict-2.4.0-py3-none-any.whl.metadata (1.0 kB)
Collecting yacs (from -r /workspace/run/ComfyUI/custom_nodes/comfyui_controlnet_aux/requirements.txt (line 20))
  Downloading yacs-0.1.8-py3-none-any.whl.metadata (639 bytes)
Collecting albumentations (from -r /workspace/run/ComfyUI/custom_nodes/comfyui_controlnet_aux/requirements.txt (line 23))
  Downloading albumentations-2.0.8-py3-none-any.whl.metadata (43 kB)
Collecting scikit-learn (from -r /workspace/run/ComfyUI/custom_nodes/comfyui_controlnet_aux/requirements.txt (line 24))
  Downloading scikit_learn-1.8.0-cp312-cp312-manylinux_2_27_x86_64.manylinux_2_28_x86_64.whl.metadata (11 kB)
Requirement already satisfied: matplotlib in /usr/local/lib/python3.12/site-packages (from -r /workspace/run/ComfyUI/custom_nodes/comfyui_controlnet_aux/requirements.txt (line 25)) (3.10.8)
Collecting trimesh[easy] (from -r /workspace/run/ComfyUI/custom_nodes/comfyui_controlnet_aux/requirements.txt (line 22))
  Downloading trimesh-4.11.1-py3-none-any.whl.metadata (13 kB)
Requirement already satisfied: typing-extensions>=4.10.0 in /usr/local/lib/python3.12/site-packages (from torch->-r /workspace/run/ComfyUI/custom_nodes/comfyui_controlnet_aux/requirements.txt (line 1)) (4.15.0)
Requirement already satisfied: setuptools in /usr/local/lib/python3.12/site-packages (from torch->-r /workspace/run/ComfyUI/custom_nodes/comfyui_controlnet_aux/requirements.txt (line 1)) (80.9.0)
Requirement already satisfied: sympy>=1.13.3 in /usr/local/lib/python3.12/site-packages (from torch->-r /workspace/run/ComfyUI/custom_nodes/comfyui_controlnet_aux/requirements.txt (line 1)) (1.14.0)
Requirement already satisfied: networkx>=2.5.1 in /usr/local/lib/python3.12/site-packages (from torch->-r /workspace/run/ComfyUI/custom_nodes/comfyui_controlnet_aux/requirements.txt (line 1)) (3.6.1)
Requirement already satisfied: jinja2 in /usr/local/lib/python3.12/site-packages (from torch->-r /workspace/run/ComfyUI/custom_nodes/comfyui_controlnet_aux/requirements.txt (line 1)) (3.1.6)
Requirement already satisfied: fsspec>=0.8.5 in /usr/local/lib/python3.12/site-packages (from torch->-r /workspace/run/ComfyUI/custom_nodes/comfyui_controlnet_aux/requirements.txt (line 1)) (2026.1.0)
Requirement already satisfied: nvidia-cuda-nvrtc-cu12==12.8.93 in /usr/local/lib/python3.12/site-packages (from torch->-r /workspace/run/ComfyUI/custom_nodes/comfyui_controlnet_aux/requirements.txt (line 1)) (12.8.93)
Requirement already satisfied: nvidia-cuda-runtime-cu12==12.8.90 in /usr/local/lib/python3.12/site-packages (from torch->-r /workspace/run/ComfyUI/custom_nodes/comfyui_controlnet_aux/requirements.txt (line 1)) (12.8.90)
Requirement already satisfied: nvidia-cuda-cupti-cu12==12.8.90 in /usr/local/lib/python3.12/site-packages (from torch->-r /workspace/run/ComfyUI/custom_nodes/comfyui_controlnet_aux/requirements.txt (line 1)) (12.8.90)
Requirement already satisfied: nvidia-cudnn-cu12==9.10.2.21 in /usr/local/lib/python3.12/site-packages (from torch->-r /workspace/run/ComfyUI/custom_nodes/comfyui_controlnet_aux/requirements.txt (line 1)) (9.10.2.21)
Requirement already satisfied: nvidia-cublas-cu12==12.8.4.1 in /usr/local/lib/python3.12/site-packages (from torch->-r /workspace/run/ComfyUI/custom_nodes/comfyui_controlnet_aux/requirements.txt (line 1)) (12.8.4.1)
Requirement already satisfied: nvidia-cufft-cu12==11.3.3.83 in /usr/local/lib/python3.12/site-packages (from torch->-r /workspace/run/ComfyUI/custom_nodes/comfyui_controlnet_aux/requirements.txt (line 1)) (11.3.3.83)
Requirement already satisfied: nvidia-curand-cu12==10.3.9.90 in /usr/local/lib/python3.12/site-packages (from torch->-r /workspace/run/ComfyUI/custom_nodes/comfyui_controlnet_aux/requirements.txt (line 1)) (10.3.9.90)
Requirement already satisfied: nvidia-cusolver-cu12==11.7.3.90 in /usr/local/lib/python3.12/site-packages (from torch->-r /workspace/run/ComfyUI/custom_nodes/comfyui_controlnet_aux/requirements.txt (line 1)) (11.7.3.90)
Requirement already satisfied: nvidia-cusparse-cu12==12.5.8.93 in /usr/local/lib/python3.12/site-packages (from torch->-r /workspace/run/ComfyUI/custom_nodes/comfyui_controlnet_aux/requirements.txt (line 1)) (12.5.8.93)
Requirement already satisfied: nvidia-cusparselt-cu12==0.7.1 in /usr/local/lib/python3.12/site-packages (from torch->-r /workspace/run/ComfyUI/custom_nodes/comfyui_controlnet_aux/requirements.txt (line 1)) (0.7.1)
Requirement already satisfied: nvidia-nccl-cu12==2.27.5 in /usr/local/lib/python3.12/site-packages (from torch->-r /workspace/run/ComfyUI/custom_nodes/comfyui_controlnet_aux/requirements.txt (line 1)) (2.27.5)
Requirement already satisfied: nvidia-nvshmem-cu12==3.3.20 in /usr/local/lib/python3.12/site-packages (from torch->-r /workspace/run/ComfyUI/custom_nodes/comfyui_controlnet_aux/requirements.txt (line 1)) (3.3.20)
Requirement already satisfied: nvidia-nvtx-cu12==12.8.90 in /usr/local/lib/python3.12/site-packages (from torch->-r /workspace/run/ComfyUI/custom_nodes/comfyui_controlnet_aux/requirements.txt (line 1)) (12.8.90)
Requirement already satisfied: nvidia-nvjitlink-cu12==12.8.93 in /usr/local/lib/python3.12/site-packages (from torch->-r /workspace/run/ComfyUI/custom_nodes/comfyui_controlnet_aux/requirements.txt (line 1)) (12.8.93)
Requirement already satisfied: nvidia-cufile-cu12==1.13.1.3 in /usr/local/lib/python3.12/site-packages (from torch->-r /workspace/run/ComfyUI/custom_nodes/comfyui_controlnet_aux/requirements.txt (line 1)) (1.13.1.3)
Requirement already satisfied: triton==3.5.1 in /usr/local/lib/python3.12/site-packages (from torch->-r /workspace/run/ComfyUI/custom_nodes/comfyui_controlnet_aux/requirements.txt (line 1)) (3.5.1)
Collecting zipp>=3.20 (from importlib_metadata->-r /workspace/run/ComfyUI/custom_nodes/comfyui_controlnet_aux/requirements.txt (line 2))
  Downloading zipp-3.23.0-py3-none-any.whl.metadata (3.6 kB)
Requirement already satisfied: packaging>=20.9 in /usr/local/lib/python3.12/site-packages (from huggingface_hub->-r /workspace/run/ComfyUI/custom_nodes/comfyui_controlnet_aux/requirements.txt (line 3)) (25.0)
Requirement already satisfied: requests in /usr/local/lib/python3.12/site-packages (from huggingface_hub->-r /workspace/run/ComfyUI/custom_nodes/comfyui_controlnet_aux/requirements.txt (line 3)) (2.32.5)
Requirement already satisfied: tqdm>=4.42.1 in /usr/local/lib/python3.12/site-packages (from huggingface_hub->-r /workspace/run/ComfyUI/custom_nodes/comfyui_controlnet_aux/requirements.txt (line 3)) (4.67.1)
Requirement already satisfied: hf-xet<2.0.0,>=1.1.3 in /usr/local/lib/python3.12/site-packages (from huggingface_hub->-r /workspace/run/ComfyUI/custom_nodes/comfyui_controlnet_aux/requirements.txt (line 3)) (1.2.0)
Requirement already satisfied: imageio!=2.35.0,>=2.33 in /usr/local/lib/python3.12/site-packages (from scikit-image->-r /workspace/run/ComfyUI/custom_nodes/comfyui_controlnet_aux/requirements.txt (line 12)) (2.37.2)
Requirement already satisfied: tifffile>=2022.8.12 in /usr/local/lib/python3.12/site-packages (from scikit-image->-r /workspace/run/ComfyUI/custom_nodes/comfyui_controlnet_aux/requirements.txt (line 12)) (2026.1.14)
Requirement already satisfied: lazy-loader>=0.4 in /usr/local/lib/python3.12/site-packages (from scikit-image->-r /workspace/run/ComfyUI/custom_nodes/comfyui_controlnet_aux/requirements.txt (line 12)) (0.4)
Requirement already satisfied: six>=1.5 in /usr/local/lib/python3.12/site-packages (from python-dateutil->-r /workspace/run/ComfyUI/custom_nodes/comfyui_controlnet_aux/requirements.txt (line 13)) (1.17.0)
Collecting absl-py~=2.3 (from mediapipe->-r /workspace/run/ComfyUI/custom_nodes/comfyui_controlnet_aux/requirements.txt (line 14))
  Downloading absl_py-2.3.1-py3-none-any.whl.metadata (3.3 kB)
Collecting sounddevice~=0.5 (from mediapipe->-r /workspace/run/ComfyUI/custom_nodes/comfyui_controlnet_aux/requirements.txt (line 14))
  Downloading sounddevice-0.5.3-py3-none-any.whl.metadata (1.6 kB)
Collecting flatbuffers~=25.9 (from mediapipe->-r /workspace/run/ComfyUI/custom_nodes/comfyui_controlnet_aux/requirements.txt (line 14))
  Downloading flatbuffers-25.12.19-py2.py3-none-any.whl.metadata (1.0 kB)
Collecting CFFI>=1.0 (from sounddevice~=0.5->mediapipe->-r /workspace/run/ComfyUI/custom_nodes/comfyui_controlnet_aux/requirements.txt (line 14))
  Downloading cffi-2.0.0-cp312-cp312-manylinux2014_x86_64.manylinux_2_17_x86_64.whl.metadata (2.6 kB)
Collecting termcolor>=1.1 (from fvcore->-r /workspace/run/ComfyUI/custom_nodes/comfyui_controlnet_aux/requirements.txt (line 15))
  Downloading termcolor-3.3.0-py3-none-any.whl.metadata (6.5 kB)
Collecting tabulate (from fvcore->-r /workspace/run/ComfyUI/custom_nodes/comfyui_controlnet_aux/requirements.txt (line 15))
  Downloading tabulate-0.9.0-py3-none-any.whl.metadata (34 kB)
Requirement already satisfied: iopath>=0.1.7 in /usr/local/lib/python3.12/site-packages (from fvcore->-r /workspace/run/ComfyUI/custom_nodes/comfyui_controlnet_aux/requirements.txt (line 15)) (0.1.10)
Collecting platformdirs>=3.5.1 (from yapf->-r /workspace/run/ComfyUI/custom_nodes/comfyui_controlnet_aux/requirements.txt (line 16))
  Downloading platformdirs-4.5.1-py3-none-any.whl.metadata (12 kB)
Requirement already satisfied: antlr4-python3-runtime==4.9.* in /usr/local/lib/python3.12/site-packages (from omegaconf->-r /workspace/run/ComfyUI/custom_nodes/comfyui_controlnet_aux/requirements.txt (line 17)) (4.9.3)
Collecting wcwidth (from ftfy->-r /workspace/run/ComfyUI/custom_nodes/comfyui_controlnet_aux/requirements.txt (line 18))
  Downloading wcwidth-0.2.14-py2.py3-none-any.whl.metadata (15 kB)
Collecting colorlog (from trimesh[easy]->-r /workspace/run/ComfyUI/custom_nodes/comfyui_controlnet_aux/requirements.txt (line 22))
  Downloading colorlog-6.10.1-py3-none-any.whl.metadata (11 kB)
Collecting manifold3d>=2.3.0 (from trimesh[easy]->-r /workspace/run/ComfyUI/custom_nodes/comfyui_controlnet_aux/requirements.txt (line 22))
  Downloading manifold3d-3.3.2-cp312-cp312-manylinux_2_27_x86_64.manylinux_2_28_x86_64.whl.metadata (19 kB)
Requirement already satisfied: charset-normalizer in /usr/local/lib/python3.12/site-packages (from trimesh[easy]->-r /workspace/run/ComfyUI/custom_nodes/comfyui_controlnet_aux/requirements.txt (line 22)) (3.4.4)
Collecting lxml (from trimesh[easy]->-r /workspace/run/ComfyUI/custom_nodes/comfyui_controlnet_aux/requirements.txt (line 22))
  Downloading lxml-6.0.2-cp312-cp312-manylinux_2_26_x86_64.manylinux_2_28_x86_64.whl.metadata (3.6 kB)
Collecting jsonschema (from trimesh[easy]->-r /workspace/run/ComfyUI/custom_nodes/comfyui_controlnet_aux/requirements.txt (line 22))
  Downloading jsonschema-4.26.0-py3-none-any.whl.metadata (7.6 kB)
Collecting svg.path (from trimesh[easy]->-r /workspace/run/ComfyUI/custom_nodes/comfyui_controlnet_aux/requirements.txt (line 22))
  Downloading svg_path-7.0-py2.py3-none-any.whl.metadata (14 kB)
Collecting pycollada (from trimesh[easy]->-r /workspace/run/ComfyUI/custom_nodes/comfyui_controlnet_aux/requirements.txt (line 22))
  Downloading pycollada-0.9.2-py3-none-any.whl.metadata (1.7 kB)
Collecting shapely (from trimesh[easy]->-r /workspace/run/ComfyUI/custom_nodes/comfyui_controlnet_aux/requirements.txt (line 22))
  Downloading shapely-2.1.2-cp312-cp312-manylinux2014_x86_64.manylinux_2_17_x86_64.whl.metadata (6.8 kB)
Collecting xxhash (from trimesh[easy]->-r /workspace/run/ComfyUI/custom_nodes/comfyui_controlnet_aux/requirements.txt (line 22))
  Downloading xxhash-3.6.0-cp312-cp312-manylinux2014_x86_64.manylinux_2_17_x86_64.manylinux_2_28_x86_64.whl.metadata (13 kB)
Collecting rtree (from trimesh[easy]->-r /workspace/run/ComfyUI/custom_nodes/comfyui_controlnet_aux/requirements.txt (line 22))
  Downloading rtree-1.4.1-py3-none-manylinux_2_24_x86_64.manylinux_2_28_x86_64.whl.metadata (2.1 kB)
Collecting httpx (from trimesh[easy]->-r /workspace/run/ComfyUI/custom_nodes/comfyui_controlnet_aux/requirements.txt (line 22))
  Downloading httpx-0.28.1-py3-none-any.whl.metadata (7.1 kB)
Collecting embreex (from trimesh[easy]->-r /workspace/run/ComfyUI/custom_nodes/comfyui_controlnet_aux/requirements.txt (line 22))
  Downloading embreex-2.17.7.post7-cp312-cp312-manylinux2010_x86_64.manylinux_2_12_x86_64.manylinux_2_28_x86_64.whl.metadata (3.0 kB)
Collecting vhacdx (from trimesh[easy]->-r /workspace/run/ComfyUI/custom_nodes/comfyui_controlnet_aux/requirements.txt (line 22))
  Downloading vhacdx-0.0.10-cp312-cp312-manylinux_2_27_x86_64.manylinux_2_28_x86_64.whl.metadata (1.1 kB)
Collecting mapbox_earcut>=1.0.2 (from trimesh[easy]->-r /workspace/run/ComfyUI/custom_nodes/comfyui_controlnet_aux/requirements.txt (line 22))
  Downloading mapbox_earcut-2.0.0-cp312-cp312-manylinux_2_24_x86_64.manylinux_2_28_x86_64.whl.metadata (2.5 kB)
Requirement already satisfied: pydantic>=2.9.2 in /usr/local/lib/python3.12/site-packages (from albumentations->-r /workspace/run/ComfyUI/custom_nodes/comfyui_controlnet_aux/requirements.txt (line 23)) (2.12.5)
Collecting albucore==0.0.24 (from albumentations->-r /workspace/run/ComfyUI/custom_nodes/comfyui_controlnet_aux/requirements.txt (line 23))
  Downloading albucore-0.0.24-py3-none-any.whl.metadata (5.3 kB)
Requirement already satisfied: opencv-python-headless>=4.9.0.80 in /usr/local/lib/python3.12/site-packages (from albumentations->-r /workspace/run/ComfyUI/custom_nodes/comfyui_controlnet_aux/requirements.txt (line 23)) (4.13.0.90)
Collecting stringzilla>=3.10.4 (from albucore==0.0.24->albumentations->-r /workspace/run/ComfyUI/custom_nodes/comfyui_controlnet_aux/requirements.txt (line 23))
  Downloading stringzilla-4.6.0-cp312-cp312-manylinux_2_17_x86_64.manylinux2014_x86_64.manylinux_2_28_x86_64.whl.metadata (121 kB)
Collecting simsimd>=5.9.2 (from albucore==0.0.24->albumentations->-r /workspace/run/ComfyUI/custom_nodes/comfyui_controlnet_aux/requirements.txt (line 23))
  Downloading simsimd-6.5.12-cp312-cp312-manylinux2014_x86_64.manylinux_2_17_x86_64.manylinux_2_28_x86_64.whl.metadata (70 kB)
Collecting joblib>=1.3.0 (from scikit-learn->-r /workspace/run/ComfyUI/custom_nodes/comfyui_controlnet_aux/requirements.txt (line 24))
  Downloading joblib-1.5.3-py3-none-any.whl.metadata (5.5 kB)
Collecting threadpoolctl>=3.2.0 (from scikit-learn->-r /workspace/run/ComfyUI/custom_nodes/comfyui_controlnet_aux/requirements.txt (line 24))
  Downloading threadpoolctl-3.6.0-py3-none-any.whl.metadata (13 kB)
Requirement already satisfied: contourpy>=1.0.1 in /usr/local/lib/python3.12/site-packages (from matplotlib->-r /workspace/run/ComfyUI/custom_nodes/comfyui_controlnet_aux/requirements.txt (line 25)) (1.3.3)
Requirement already satisfied: cycler>=0.10 in /usr/local/lib/python3.12/site-packages (from matplotlib->-r /workspace/run/ComfyUI/custom_nodes/comfyui_controlnet_aux/requirements.txt (line 25)) (0.12.1)
Requirement already satisfied: fonttools>=4.22.0 in /usr/local/lib/python3.12/site-packages (from matplotlib->-r /workspace/run/ComfyUI/custom_nodes/comfyui_controlnet_aux/requirements.txt (line 25)) (4.61.1)
Requirement already satisfied: kiwisolver>=1.3.1 in /usr/local/lib/python3.12/site-packages (from matplotlib->-r /workspace/run/ComfyUI/custom_nodes/comfyui_controlnet_aux/requirements.txt (line 25)) (1.4.9)
Requirement already satisfied: pyparsing>=3 in /usr/local/lib/python3.12/site-packages (from matplotlib->-r /workspace/run/ComfyUI/custom_nodes/comfyui_controlnet_aux/requirements.txt (line 25)) (3.3.1)
Collecting pycparser (from CFFI>=1.0->sounddevice~=0.5->mediapipe->-r /workspace/run/ComfyUI/custom_nodes/comfyui_controlnet_aux/requirements.txt (line 14))
  Downloading pycparser-2.23-py3-none-any.whl.metadata (993 bytes)
Requirement already satisfied: portalocker in /usr/local/lib/python3.12/site-packages (from iopath>=0.1.7->fvcore->-r /workspace/run/ComfyUI/custom_nodes/comfyui_controlnet_aux/requirements.txt (line 15)) (3.2.0)
Requirement already satisfied: annotated-types>=0.6.0 in /usr/local/lib/python3.12/site-packages (from pydantic>=2.9.2->albumentations->-r /workspace/run/ComfyUI/custom_nodes/comfyui_controlnet_aux/requirements.txt (line 23)) (0.7.0)
Requirement already satisfied: pydantic-core==2.41.5 in /usr/local/lib/python3.12/site-packages (from pydantic>=2.9.2->albumentations->-r /workspace/run/ComfyUI/custom_nodes/comfyui_controlnet_aux/requirements.txt (line 23)) (2.41.5)
Requirement already satisfied: typing-inspection>=0.4.2 in /usr/local/lib/python3.12/site-packages (from pydantic>=2.9.2->albumentations->-r /workspace/run/ComfyUI/custom_nodes/comfyui_controlnet_aux/requirements.txt (line 23)) (0.4.2)
Requirement already satisfied: mpmath<1.4,>=1.1.0 in /usr/local/lib/python3.12/site-packages (from sympy>=1.13.3->torch->-r /workspace/run/ComfyUI/custom_nodes/comfyui_controlnet_aux/requirements.txt (line 1)) (1.3.0)
Collecting anyio (from httpx->trimesh[easy]->-r /workspace/run/ComfyUI/custom_nodes/comfyui_controlnet_aux/requirements.txt (line 22))
  Downloading anyio-4.12.1-py3-none-any.whl.metadata (4.3 kB)
Requirement already satisfied: certifi in /usr/local/lib/python3.12/site-packages (from httpx->trimesh[easy]->-r /workspace/run/ComfyUI/custom_nodes/comfyui_controlnet_aux/requirements.txt (line 22)) (2026.1.4)
Collecting httpcore==1.* (from httpx->trimesh[easy]->-r /workspace/run/ComfyUI/custom_nodes/comfyui_controlnet_aux/requirements.txt (line 22))
  Downloading httpcore-1.0.9-py3-none-any.whl.metadata (21 kB)
Requirement already satisfied: idna in /usr/local/lib/python3.12/site-packages (from httpx->trimesh[easy]->-r /workspace/run/ComfyUI/custom_nodes/comfyui_controlnet_aux/requirements.txt (line 22)) (3.11)
Collecting h11>=0.16 (from httpcore==1.*->httpx->trimesh[easy]->-r /workspace/run/ComfyUI/custom_nodes/comfyui_controlnet_aux/requirements.txt (line 22))
  Downloading h11-0.16.0-py3-none-any.whl.metadata (8.3 kB)
Requirement already satisfied: MarkupSafe>=2.0 in /usr/local/lib/python3.12/site-packages (from jinja2->torch->-r /workspace/run/ComfyUI/custom_nodes/comfyui_controlnet_aux/requirements.txt (line 1)) (3.0.3)
Requirement already satisfied: attrs>=22.2.0 in /usr/local/lib/python3.12/site-packages (from jsonschema->trimesh[easy]->-r /workspace/run/ComfyUI/custom_nodes/comfyui_controlnet_aux/requirements.txt (line 22)) (25.4.0)
Collecting jsonschema-specifications>=2023.03.6 (from jsonschema->trimesh[easy]->-r /workspace/run/ComfyUI/custom_nodes/comfyui_controlnet_aux/requirements.txt (line 22))
  Downloading jsonschema_specifications-2025.9.1-py3-none-any.whl.metadata (2.9 kB)
Collecting referencing>=0.28.4 (from jsonschema->trimesh[easy]->-r /workspace/run/ComfyUI/custom_nodes/comfyui_controlnet_aux/requirements.txt (line 22))
  Downloading referencing-0.37.0-py3-none-any.whl.metadata (2.8 kB)
Collecting rpds-py>=0.25.0 (from jsonschema->trimesh[easy]->-r /workspace/run/ComfyUI/custom_nodes/comfyui_controlnet_aux/requirements.txt (line 22))
  Downloading rpds_py-0.30.0-cp312-cp312-manylinux_2_17_x86_64.manylinux2014_x86_64.whl.metadata (4.1 kB)
Requirement already satisfied: urllib3<3,>=1.21.1 in /usr/local/lib/python3.12/site-packages (from requests->huggingface_hub->-r /workspace/run/ComfyUI/custom_nodes/comfyui_controlnet_aux/requirements.txt (line 3)) (2.6.3)
Downloading importlib_metadata-8.7.1-py3-none-any.whl (27 kB)
Downloading mediapipe-0.10.31-py3-none-manylinux_2_28_x86_64.whl (10.3 MB)
   ━━━━━━━━━━━━━━━━━━━━━━━━━━━━━━━━━━━━━━━━ 10.3/10.3 MB 28.7 MB/s eta 0:00:00
Downloading absl_py-2.3.1-py3-none-any.whl (135 kB)
Downloading flatbuffers-25.12.19-py2.py3-none-any.whl (26 kB)
Downloading sounddevice-0.5.3-py3-none-any.whl (32 kB)
Downloading yapf-0.43.0-py3-none-any.whl (256 kB)
Downloading ftfy-6.3.1-py3-none-any.whl (44 kB)
Downloading addict-2.4.0-py3-none-any.whl (3.8 kB)
Downloading yacs-0.1.8-py3-none-any.whl (14 kB)
Downloading trimesh-4.11.1-py3-none-any.whl (740 kB)
   ━━━━━━━━━━━━━━━━━━━━━━━━━━━━━━━━━━━━━━━━ 740.4/740.4 kB 8.9 MB/s eta 0:00:00
Downloading albumentations-2.0.8-py3-none-any.whl (369 kB)
Downloading albucore-0.0.24-py3-none-any.whl (15 kB)
Downloading scikit_learn-1.8.0-cp312-cp312-manylinux_2_27_x86_64.manylinux_2_28_x86_64.whl (8.9 MB)
   ━━━━━━━━━━━━━━━━━━━━━━━━━━━━━━━━━━━━━━━━ 8.9/8.9 MB 48.2 MB/s eta 0:00:00
Downloading cffi-2.0.0-cp312-cp312-manylinux2014_x86_64.manylinux_2_17_x86_64.whl (219 kB)
Downloading joblib-1.5.3-py3-none-any.whl (309 kB)
Downloading manifold3d-3.3.2-cp312-cp312-manylinux_2_27_x86_64.manylinux_2_28_x86_64.whl (1.2 MB)
   ━━━━━━━━━━━━━━━━━━━━━━━━━━━━━━━━━━━━━━━━ 1.2/1.2 MB 17.3 MB/s eta 0:00:00
Downloading mapbox_earcut-2.0.0-cp312-cp312-manylinux_2_24_x86_64.manylinux_2_28_x86_64.whl (59 kB)
Downloading platformdirs-4.5.1-py3-none-any.whl (18 kB)
Downloading simsimd-6.5.12-cp312-cp312-manylinux2014_x86_64.manylinux_2_17_x86_64.manylinux_2_28_x86_64.whl (582 kB)
   ━━━━━━━━━━━━━━━━━━━━━━━━━━━━━━━━━━━━━━━━ 583.0/583.0 kB 5.6 MB/s eta 0:00:00
Downloading stringzilla-4.6.0-cp312-cp312-manylinux_2_17_x86_64.manylinux2014_x86_64.manylinux_2_28_x86_64.whl (2.1 MB)
   ━━━━━━━━━━━━━━━━━━━━━━━━━━━━━━━━━━━━━━━━ 2.1/2.1 MB 24.7 MB/s eta 0:00:00
Downloading termcolor-3.3.0-py3-none-any.whl (7.7 kB)
Downloading threadpoolctl-3.6.0-py3-none-any.whl (18 kB)
Downloading zipp-3.23.0-py3-none-any.whl (10 kB)
Downloading colorlog-6.10.1-py3-none-any.whl (11 kB)
Downloading embreex-2.17.7.post7-cp312-cp312-manylinux2010_x86_64.manylinux_2_12_x86_64.manylinux_2_28_x86_64.whl (17.2 MB)
   ━━━━━━━━━━━━━━━━━━━━━━━━━━━━━━━━━━━━━━━━ 17.2/17.2 MB 43.1 MB/s eta 0:00:00
Downloading httpx-0.28.1-py3-none-any.whl (73 kB)
Downloading httpcore-1.0.9-py3-none-any.whl (78 kB)
Downloading h11-0.16.0-py3-none-any.whl (37 kB)
Downloading anyio-4.12.1-py3-none-any.whl (113 kB)
Downloading jsonschema-4.26.0-py3-none-any.whl (90 kB)
Downloading jsonschema_specifications-2025.9.1-py3-none-any.whl (18 kB)
Downloading referencing-0.37.0-py3-none-any.whl (26 kB)
Downloading rpds_py-0.30.0-cp312-cp312-manylinux_2_17_x86_64.manylinux2014_x86_64.whl (394 kB)
Downloading lxml-6.0.2-cp312-cp312-manylinux_2_26_x86_64.manylinux_2_28_x86_64.whl (5.3 MB)
   ━━━━━━━━━━━━━━━━━━━━━━━━━━━━━━━━━━━━━━━━ 5.3/5.3 MB 35.9 MB/s eta 0:00:00
Downloading pycollada-0.9.2-py3-none-any.whl (128 kB)
Downloading pycparser-2.23-py3-none-any.whl (118 kB)
Downloading rtree-1.4.1-py3-none-manylinux_2_24_x86_64.manylinux_2_28_x86_64.whl (507 kB)
Downloading shapely-2.1.2-cp312-cp312-manylinux2014_x86_64.manylinux_2_17_x86_64.whl (3.1 MB)
   ━━━━━━━━━━━━━━━━━━━━━━━━━━━━━━━━━━━━━━━━ 3.1/3.1 MB 28.1 MB/s eta 0:00:00
Downloading svg_path-7.0-py2.py3-none-any.whl (18 kB)
Downloading tabulate-0.9.0-py3-none-any.whl (35 kB)
Downloading vhacdx-0.0.10-cp312-cp312-manylinux_2_27_x86_64.manylinux_2_28_x86_64.whl (252 kB)
Downloading wcwidth-0.2.14-py2.py3-none-any.whl (37 kB)
Downloading xxhash-3.6.0-cp312-cp312-manylinux2014_x86_64.manylinux_2_17_x86_64.manylinux_2_28_x86_64.whl (193 kB)
Building wheels for collected packages: fvcore
  DEPRECATION: Building 'fvcore' using the legacy setup.py bdist_wheel mechanism, which will be removed in a future version. pip 25.3 will enforce this behaviour change. A possible replacement is to use the standardized build interface by setting the `--use-pep517` option, (possibly combined with `--no-build-isolation`), or adding a `pyproject.toml` file to the source tree of 'fvcore'. Discussion can be found at https://github.com/pypa/pip/issues/6334
  Building wheel for fvcore (setup.py): started
  Building wheel for fvcore (setup.py): finished with status 'done'
  Created wheel for fvcore: filename=fvcore-0.1.5.post20221221-py3-none-any.whl size=61445 sha256=7c08e29e2a603d526f37ddcef9858128dd49b523fa906744ba407f0d12182da1
  Stored in directory: /root/.cache/pip/wheels/ed/9f/a5/e4f5b27454ccd4596bd8b62432c7d6b1ca9fa22aef9d70a16a
Successfully built fvcore
Installing collected packages: simsimd, flatbuffers, addict, zipp, yacs, xxhash, wcwidth, vhacdx, trimesh, threadpoolctl, termcolor, tabulate, svg.path, stringzilla, shapely, rtree, rpds-py, pycparser, platformdirs, mapbox_earcut, manifold3d, lxml, joblib, h11, embreex, colorlog, anyio, absl-py, yapf, scikit-learn, referencing, pycollada, importlib_metadata, httpcore, fvcore, ftfy, CFFI, albucore, sounddevice, jsonschema-specifications, httpx, albumentations, mediapipe, jsonschema

Successfully installed CFFI-2.0.0 absl-py-2.3.1 addict-2.4.0 albucore-0.0.24 albumentations-2.0.8 anyio-4.12.1 colorlog-6.10.1 embreex-2.17.7.post7 flatbuffers-25.12.19 ftfy-6.3.1 fvcore-0.1.5.post20221221 h11-0.16.0 httpcore-1.0.9 httpx-0.28.1 importlib_metadata-8.7.1 joblib-1.5.3 jsonschema-4.26.0 jsonschema-specifications-2025.9.1 lxml-6.0.2 manifold3d-3.3.2 mapbox_earcut-2.0.0 mediapipe-0.10.31 platformdirs-4.5.1 pycollada-0.9.2 pycparser-2.23 referencing-0.37.0 rpds-py-0.30.0 rtree-1.4.1 scikit-learn-1.8.0 shapely-2.1.2 simsimd-6.5.12 sounddevice-0.5.3 stringzilla-4.6.0 svg.path-7.0 tabulate-0.9.0 termcolor-3.3.0 threadpoolctl-3.6.0 trimesh-4.11.1 vhacdx-0.0.10 wcwidth-0.2.14 xxhash-3.6.0 yacs-0.1.8 yapf-0.43.0 zipp-3.23.0
WARNING: Running pip as the 'root' user can result in broken permissions and conflicting behaviour with the system package manager, possibly rendering your system unusable. It is recommended to use a virtual environment instead: https://pip.pypa.io/warnings/venv. Use the --root-user-action option if you know what you are doing and want to suppress this warning.
