Requirement already satisfied: einops>=0.7.0 in /usr/local/lib/python3.12/site-packages (from -r /workspace/run/ComfyUI/custom_nodes/ComfyUI-TeaCache/requirements.txt (line 1)) (0.8.1)
Requirement already satisfied: diffusers>=0.31.0 in /usr/local/lib/python3.12/site-packages (from -r /workspace/run/ComfyUI/custom_nodes/ComfyUI-TeaCache/requirements.txt (line 2)) (0.36.0)
Requirement already satisfied: importlib_metadata in /usr/local/lib/python3.12/site-packages (from diffusers>=0.31.0->-r /workspace/run/ComfyUI/custom_nodes/ComfyUI-TeaCache/requirements.txt (line 2)) (8.7.1)
Requirement already satisfied: filelock in /usr/local/lib/python3.12/site-packages (from diffusers>=0.31.0->-r /workspace/run/ComfyUI/custom_nodes/ComfyUI-TeaCache/requirements.txt (line 2)) (3.20.3)
Requirement already satisfied: httpx<1.0.0 in /usr/local/lib/python3.12/site-packages (from diffusers>=0.31.0->-r /workspace/run/ComfyUI/custom_nodes/ComfyUI-TeaCache/requirements.txt (line 2)) (0.28.1)
Requirement already satisfied: huggingface-hub<2.0,>=0.34.0 in /usr/local/lib/python3.12/site-packages (from diffusers>=0.31.0->-r /workspace/run/ComfyUI/custom_nodes/ComfyUI-TeaCache/requirements.txt (line 2)) (0.36.0)
Requirement already satisfied: numpy in /usr/local/lib/python3.12/site-packages (from diffusers>=0.31.0->-r /workspace/run/ComfyUI/custom_nodes/ComfyUI-TeaCache/requirements.txt (line 2)) (2.2.6)
Requirement already satisfied: regex!=2019.12.17 in /usr/local/lib/python3.12/site-packages (from diffusers>=0.31.0->-r /workspace/run/ComfyUI/custom_nodes/ComfyUI-TeaCache/requirements.txt (line 2)) (2026.1.15)
Requirement already satisfied: requests in /usr/local/lib/python3.12/site-packages (from diffusers>=0.31.0->-r /workspace/run/ComfyUI/custom_nodes/ComfyUI-TeaCache/requirements.txt (line 2)) (2.32.5)
Requirement already satisfied: safetensors>=0.3.1 in /usr/local/lib/python3.12/site-packages (from diffusers>=0.31.0->-r /workspace/run/ComfyUI/custom_nodes/ComfyUI-TeaCache/requirements.txt (line 2)) (0.7.0)
Requirement already satisfied: Pillow in /usr/local/lib/python3.12/site-packages (from diffusers>=0.31.0->-r /workspace/run/ComfyUI/custom_nodes/ComfyUI-TeaCache/requirements.txt (line 2)) (12.1.0)
Requirement already satisfied: anyio in /usr/local/lib/python3.12/site-packages (from httpx<1.0.0->diffusers>=0.31.0->-r /workspace/run/ComfyUI/custom_nodes/ComfyUI-TeaCache/requirements.txt (line 2)) (4.12.1)
Requirement already satisfied: certifi in /usr/local/lib/python3.12/site-packages (from httpx<1.0.0->diffusers>=0.31.0->-r /workspace/run/ComfyUI/custom_nodes/ComfyUI-TeaCache/requirements.txt (line 2)) (2026.1.4)
Requirement already satisfied: httpcore==1.* in /usr/local/lib/python3.12/site-packages (from httpx<1.0.0->diffusers>=0.31.0->-r /workspace/run/ComfyUI/custom_nodes/ComfyUI-TeaCache/requirements.txt (line 2)) (1.0.9)
Requirement already satisfied: idna in /usr/local/lib/python3.12/site-packages (from httpx<1.0.0->diffusers>=0.31.0->-r /workspace/run/ComfyUI/custom_nodes/ComfyUI-TeaCache/requirements.txt (line 2)) (3.11)
Requirement already satisfied: h11>=0.16 in /usr/local/lib/python3.12/site-packages (from httpcore==1.*->httpx<1.0.0->diffusers>=0.31.0->-r /workspace/run/ComfyUI/custom_nodes/ComfyUI-TeaCache/requirements.txt (line 2)) (0.16.0)
Requirement already satisfied: fsspec>=2023.5.0 in /usr/local/lib/python3.12/site-packages (from huggingface-hub<2.0,>=0.34.0->diffusers>=0.31.0->-r /workspace/run/ComfyUI/custom_nodes/ComfyUI-TeaCache/requirements.txt (line 2)) (2026.1.0)
Requirement already satisfied: packaging>=20.9 in /usr/local/lib/python3.12/site-packages (from huggingface-hub<2.0,>=0.34.0->diffusers>=0.31.0->-r /workspace/run/ComfyUI/custom_nodes/ComfyUI-TeaCache/requirements.txt (line 2)) (25.0)
Requirement already satisfied: pyyaml>=5.1 in /usr/local/lib/python3.12/site-packages (from huggingface-hub<2.0,>=0.34.0->diffusers>=0.31.0->-r /workspace/run/ComfyUI/custom_nodes/ComfyUI-TeaCache/requirements.txt (line 2)) (6.0.3)
Requirement already satisfied: tqdm>=4.42.1 in /usr/local/lib/python3.12/site-packages (from huggingface-hub<2.0,>=0.34.0->diffusers>=0.31.0->-r /workspace/run/ComfyUI/custom_nodes/ComfyUI-TeaCache/requirements.txt (line 2)) (4.67.1)
Requirement already satisfied: typing-extensions>=3.7.4.3 in /usr/local/lib/python3.12/site-packages (from huggingface-hub<2.0,>=0.34.0->diffusers>=0.31.0->-r /workspace/run/ComfyUI/custom_nodes/ComfyUI-TeaCache/requirements.txt (line 2)) (4.15.0)
Requirement already satisfied: hf-xet<2.0.0,>=1.1.3 in /usr/local/lib/python3.12/site-packages (from huggingface-hub<2.0,>=0.34.0->diffusers>=0.31.0->-r /workspace/run/ComfyUI/custom_nodes/ComfyUI-TeaCache/requirements.txt (line 2)) (1.2.0)
Requirement already satisfied: zipp>=3.20 in /usr/local/lib/python3.12/site-packages (from importlib_metadata->diffusers>=0.31.0->-r /workspace/run/ComfyUI/custom_nodes/ComfyUI-TeaCache/requirements.txt (line 2)) (3.23.0)
Requirement already satisfied: charset_normalizer<4,>=2 in /usr/local/lib/python3.12/site-packages (from requests->diffusers>=0.31.0->-r /workspace/run/ComfyUI/custom_nodes/ComfyUI-TeaCache/requirements.txt (line 2)) (3.4.4)
Requirement already satisfied: urllib3<3,>=1.21.1 in /usr/local/lib/python3.12/site-packages (from requests->diffusers>=0.31.0->-r /workspace/run/ComfyUI/custom_nodes/ComfyUI-TeaCache/requirements.txt (line 2)) (2.6.3)
WARNING: Running pip as the 'root' user can result in broken permissions and conflicting behaviour with the system package manager, possibly rendering your system unusable. It is recommended to use a virtual environment instead: https://pip.pypa.io/warnings/venv. Use the --root-user-action option if you know what you are doing and want to suppress this warning.
