Requirement already satisfied: pillow>=10.3.0 in /usr/local/lib/python3.12/site-packages (from -r /workspace/run/ComfyUI/custom_nodes/ComfyUI-KJNodes/requirements.txt (line 1)) (12.1.0)
Requirement already satisfied: scipy in /usr/local/lib/python3.12/site-packages (from -r /workspace/run/ComfyUI/custom_nodes/ComfyUI-KJNodes/requirements.txt (line 2)) (1.17.0)
Collecting color-matcher (from -r /workspace/run/ComfyUI/custom_nodes/ComfyUI-KJNodes/requirements.txt (line 3))
  Downloading color_matcher-0.6.0-py3-none-any.whl.metadata (1.3 kB)
Collecting matplotlib (from -r /workspace/run/ComfyUI/custom_nodes/ComfyUI-KJNodes/requirements.txt (line 4))
  Downloading matplotlib-3.10.8-cp312-cp312-manylinux2014_x86_64.manylinux_2_17_x86_64.whl.metadata (52 kB)
Requirement already satisfied: huggingface_hub in /usr/local/lib/python3.12/site-packages (from -r /workspace/run/ComfyUI/custom_nodes/ComfyUI-KJNodes/requirements.txt (line 5)) (0.36.0)
Collecting mss (from -r /workspace/run/ComfyUI/custom_nodes/ComfyUI-KJNodes/requirements.txt (line 6))
  Downloading mss-10.1.0-py3-none-any.whl.metadata (6.7 kB)
Collecting opencv-python-headless (from -r /workspace/run/ComfyUI/custom_nodes/ComfyUI-KJNodes/requirements.txt (line 7))
  Downloading opencv_python_headless-4.13.0.90-cp37-abi3-manylinux_2_28_x86_64.whl.metadata (19 kB)
Requirement already satisfied: numpy<2.7,>=1.26.4 in /usr/local/lib/python3.12/site-packages (from scipy->-r /workspace/run/ComfyUI/custom_nodes/ComfyUI-KJNodes/requirements.txt (line 2)) (2.2.6)
Collecting ddt (from color-matcher->-r /workspace/run/ComfyUI/custom_nodes/ComfyUI-KJNodes/requirements.txt (line 3))
  Downloading ddt-1.7.2-py2.py3-none-any.whl.metadata (832 bytes)
Collecting docutils (from color-matcher->-r /workspace/run/ComfyUI/custom_nodes/ComfyUI-KJNodes/requirements.txt (line 3))
  Downloading docutils-0.22.4-py3-none-any.whl.metadata (15 kB)
Collecting imageio (from color-matcher->-r /workspace/run/ComfyUI/custom_nodes/ComfyUI-KJNodes/requirements.txt (line 3))
  Downloading imageio-2.37.2-py3-none-any.whl.metadata (9.7 kB)
Requirement already satisfied: packaging>=24.2 in /usr/local/lib/python3.12/site-packages (from color-matcher->-r /workspace/run/ComfyUI/custom_nodes/ComfyUI-KJNodes/requirements.txt (line 3)) (25.0)
Collecting contourpy>=1.0.1 (from matplotlib->-r /workspace/run/ComfyUI/custom_nodes/ComfyUI-KJNodes/requirements.txt (line 4))
  Downloading contourpy-1.3.3-cp312-cp312-manylinux_2_27_x86_64.manylinux_2_28_x86_64.whl.metadata (5.5 kB)
Collecting cycler>=0.10 (from matplotlib->-r /workspace/run/ComfyUI/custom_nodes/ComfyUI-KJNodes/requirements.txt (line 4))
  Downloading cycler-0.12.1-py3-none-any.whl.metadata (3.8 kB)
Collecting fonttools>=4.22.0 (from matplotlib->-r /workspace/run/ComfyUI/custom_nodes/ComfyUI-KJNodes/requirements.txt (line 4))
  Downloading fonttools-4.61.1-cp312-cp312-manylinux1_x86_64.manylinux2014_x86_64.manylinux_2_17_x86_64.manylinux_2_5_x86_64.whl.metadata (114 kB)
Collecting kiwisolver>=1.3.1 (from matplotlib->-r /workspace/run/ComfyUI/custom_nodes/ComfyUI-KJNodes/requirements.txt (line 4))
  Downloading kiwisolver-1.4.9-cp312-cp312-manylinux2014_x86_64.manylinux_2_17_x86_64.whl.metadata (6.3 kB)
Collecting pyparsing>=3 (from matplotlib->-r /workspace/run/ComfyUI/custom_nodes/ComfyUI-KJNodes/requirements.txt (line 4))
  Downloading pyparsing-3.3.1-py3-none-any.whl.metadata (5.6 kB)
Collecting python-dateutil>=2.7 (from matplotlib->-r /workspace/run/ComfyUI/custom_nodes/ComfyUI-KJNodes/requirements.txt (line 4))
  Downloading python_dateutil-2.9.0.post0-py2.py3-none-any.whl.metadata (8.4 kB)
Requirement already satisfied: filelock in /usr/local/lib/python3.12/site-packages (from huggingface_hub->-r /workspace/run/ComfyUI/custom_nodes/ComfyUI-KJNodes/requirements.txt (line 5)) (3.20.3)
Requirement already satisfied: fsspec>=2023.5.0 in /usr/local/lib/python3.12/site-packages (from huggingface_hub->-r /workspace/run/ComfyUI/custom_nodes/ComfyUI-KJNodes/requirements.txt (line 5)) (2026.1.0)
Requirement already satisfied: pyyaml>=5.1 in /usr/local/lib/python3.12/site-packages (from huggingface_hub->-r /workspace/run/ComfyUI/custom_nodes/ComfyUI-KJNodes/requirements.txt (line 5)) (6.0.3)
Requirement already satisfied: requests in /usr/local/lib/python3.12/site-packages (from huggingface_hub->-r /workspace/run/ComfyUI/custom_nodes/ComfyUI-KJNodes/requirements.txt (line 5)) (2.32.5)
Requirement already satisfied: tqdm>=4.42.1 in /usr/local/lib/python3.12/site-packages (from huggingface_hub->-r /workspace/run/ComfyUI/custom_nodes/ComfyUI-KJNodes/requirements.txt (line 5)) (4.67.1)
Requirement already satisfied: typing-extensions>=3.7.4.3 in /usr/local/lib/python3.12/site-packages (from huggingface_hub->-r /workspace/run/ComfyUI/custom_nodes/ComfyUI-KJNodes/requirements.txt (line 5)) (4.15.0)
Requirement already satisfied: hf-xet<2.0.0,>=1.1.3 in /usr/local/lib/python3.12/site-packages (from huggingface_hub->-r /workspace/run/ComfyUI/custom_nodes/ComfyUI-KJNodes/requirements.txt (line 5)) (1.2.0)
Collecting six>=1.5 (from python-dateutil>=2.7->matplotlib->-r /workspace/run/ComfyUI/custom_nodes/ComfyUI-KJNodes/requirements.txt (line 4))
  Downloading six-1.17.0-py2.py3-none-any.whl.metadata (1.7 kB)
Requirement already satisfied: charset_normalizer<4,>=2 in /usr/local/lib/python3.12/site-packages (from requests->huggingface_hub->-r /workspace/run/ComfyUI/custom_nodes/ComfyUI-KJNodes/requirements.txt (line 5)) (3.4.4)
Requirement already satisfied: idna<4,>=2.5 in /usr/local/lib/python3.12/site-packages (from requests->huggingface_hub->-r /workspace/run/ComfyUI/custom_nodes/ComfyUI-KJNodes/requirements.txt (line 5)) (3.11)
Requirement already satisfied: urllib3<3,>=1.21.1 in /usr/local/lib/python3.12/site-packages (from requests->huggingface_hub->-r /workspace/run/ComfyUI/custom_nodes/ComfyUI-KJNodes/requirements.txt (line 5)) (2.6.3)
Requirement already satisfied: certifi>=2017.4.17 in /usr/local/lib/python3.12/site-packages (from requests->huggingface_hub->-r /workspace/run/ComfyUI/custom_nodes/ComfyUI-KJNodes/requirements.txt (line 5)) (2026.1.4)
Downloading color_matcher-0.6.0-py3-none-any.whl (1.8 MB)
   ━━━━━━━━━━━━━━━━━━━━━━━━━━━━━━━━━━━━━━━━ 1.8/1.8 MB 5.6 MB/s eta 0:00:00
Downloading matplotlib-3.10.8-cp312-cp312-manylinux2014_x86_64.manylinux_2_17_x86_64.whl (8.7 MB)
   ━━━━━━━━━━━━━━━━━━━━━━━━━━━━━━━━━━━━━━━━ 8.7/8.7 MB 23.4 MB/s eta 0:00:00
Downloading mss-10.1.0-py3-none-any.whl (24 kB)
Downloading opencv_python_headless-4.13.0.90-cp37-abi3-manylinux_2_28_x86_64.whl (62.5 MB)
   ━━━━━━━━━━━━━━━━━━━━━━━━━━━━━━━━━━━━━━━━ 62.5/62.5 MB 35.0 MB/s eta 0:00:00
Downloading contourpy-1.3.3-cp312-cp312-manylinux_2_27_x86_64.manylinux_2_28_x86_64.whl (362 kB)
Downloading cycler-0.12.1-py3-none-any.whl (8.3 kB)
Downloading fonttools-4.61.1-cp312-cp312-manylinux1_x86_64.manylinux2014_x86_64.manylinux_2_17_x86_64.manylinux_2_5_x86_64.whl (5.0 MB)
   ━━━━━━━━━━━━━━━━━━━━━━━━━━━━━━━━━━━━━━━━ 5.0/5.0 MB 32.0 MB/s eta 0:00:00
Downloading kiwisolver-1.4.9-cp312-cp312-manylinux2014_x86_64.manylinux_2_17_x86_64.whl (1.5 MB)
   ━━━━━━━━━━━━━━━━━━━━━━━━━━━━━━━━━━━━━━━━ 1.5/1.5 MB 12.9 MB/s eta 0:00:00
Downloading pyparsing-3.3.1-py3-none-any.whl (121 kB)
Downloading python_dateutil-2.9.0.post0-py2.py3-none-any.whl (229 kB)
Downloading six-1.17.0-py2.py3-none-any.whl (11 kB)
Downloading ddt-1.7.2-py2.py3-none-any.whl (7.1 kB)
Downloading docutils-0.22.4-py3-none-any.whl (633 kB)
   ━━━━━━━━━━━━━━━━━━━━━━━━━━━━━━━━━━━━━━━━ 633.2/633.2 kB 5.1 MB/s eta 0:00:00
Downloading imageio-2.37.2-py3-none-any.whl (317 kB)
Installing collected packages: ddt, six, pyparsing, opencv-python-headless, mss, kiwisolver, imageio, fonttools, docutils, cycler, contourpy, python-dateutil, matplotlib, color-matcher

Successfully installed color-matcher-0.6.0 contourpy-1.3.3 cycler-0.12.1 ddt-1.7.2 docutils-0.22.4 fonttools-4.61.1 imageio-2.37.2 kiwisolver-1.4.9 matplotlib-3.10.8 mss-10.1.0 opencv-python-headless-4.13.0.90 pyparsing-3.3.1 python-dateutil-2.9.0.post0 six-1.17.0
WARNING: Running pip as the 'root' user can result in broken permissions and conflicting behaviour with the system package manager, possibly rendering your system unusable. It is recommended to use a virtual environment instead: https://pip.pypa.io/warnings/venv. Use the --root-user-action option if you know what you are doing and want to suppress this warning.
